SQL> SELECT COUNT(*),DEPTNO
  2  FROM EMP
  3  GROUP BY DEPTNO
  4  WHERE COUNT(COUNT)>=3;
WHERE COUNT(COUNT)>=3
*
ERROR at line 4:
ORA-00933: SQL command not properly ended 


SQL> ED
Wrote file afiedt.buf

  1  SELECT COUNT(*),DEPTNO
  2  FROM EMP
  3  GROUP BY DEPTNO
  4* WHERE COUNT(CLERK)>=3
SQL> /
WHERE COUNT(CLERK)>=3
*
ERROR at line 4:
ORA-00933: SQL command not properly ended 


SQL> ED
Wrote file afiedt.buf

  1  SELECT COUNT(*),DEPTNO
  2  FROM EMP
  3  GROUP BY DEPTNO
  4* HAVING COUNT(CLERK)>=3
SQL> /
HAVING COUNT(CLERK)>=3
             *
ERROR at line 4:
ORA-00904: "CLERK": invalid identifier 


SQL> ED
Wrote file afiedt.buf

  1  SELECT COUNT(*),DEPTNO
  2  FROM EMP
  3  GROUP BY DEPTNO
  4* HAVING COUNT('CLERK')>=3
SQL> /

  COUNT(*)     DEPTNO                                                                                                                                                                                   
---------- ----------                                                                                                                                                                                   
         6         30                                                                                                                                                                                   
         5         20                                                                                                                                                                                   
         3         10                                                                                                                                                                                   

SQL> SELECT SUM(SAL),DEPTNO
  2  FROM EMP
  3  GROUP BY DEPTNO
  4  HAVING CPUNT(*)>=4;
HAVING CPUNT(*)>=4
             *
ERROR at line 4:
ORA-00936: missing expression 


SQL> ED
Wrote file afiedt.buf

  1  SELECT SUM(SAL),DEPTNO
  2  FROM EMP
  3  GROUP BY DEPTNO
  4* HAVING COUNT(*)>=4
SQL> /

  SUM(SAL)     DEPTNO                                                                                                                                                                                   
---------- ----------                                                                                                                                                                                   
      9400         30                                                                                                                                                                                   
     10875         20                                                                                                                                                                                   

SQL> SELECT COUNT(*)
  2  FROM EMP
  3  GROUP BY JOB;

  COUNT(*)                                                                                                                                                                                              
----------                                                                                                                                                                                              
         4                                                                                                                                                                                              
         4                                                                                                                                                                                              
         1                                                                                                                                                                                              
         3                                                                                                                                                                                              
         2                                                                                                                                                                                              

SQL> ED
Wrote file afiedt.buf

  1  SELECT COUNT(*)
  2  FROM EMP
  3  GROUP BY JOB
  4* HAVING SAL>1200 AND SUM(SAL)>3800;
SQL> /
HAVING SAL>1200 AND SUM(SAL)>3800;
                                 *
ERROR at line 4:
ORA-00911: invalid character 


SQL> ED
Wrote file afiedt.buf

  1  SELECT COUNT(*)
  2  FROM EMP
  3  GROUP BY JOB
  4* HAVING SAL>1200 AND SUM(SAL)>3800
SQL> /
HAVING SAL>1200 AND SUM(SAL)>3800
       *
ERROR at line 4:
ORA-00979: not a GROUP BY expression 


SQL> ED
Wrote file afiedt.buf

  1  SELECT COUNT(*)
  2  FROM EMP
  3  WHERE SAL>1200
  4  GROUP BY JOB
  5* HAVING SAL>1200 SUM(SAL)>3800
SQL> /
HAVING SAL>1200 SUM(SAL)>3800
                *
ERROR at line 5:
ORA-00933: SQL command not properly ended 


SQL> ED
Wrote file afiedt.buf

  1  SELECT COUNT(*)
  2  FROM EMP
  3  WHERE SAL>1200
  4  GROUP BY JOB
  5* HAVING SUM(SAL)>3800
SQL> /

  COUNT(*)                                                                                                                                                                                              
----------                                                                                                                                                                                              
         4                                                                                                                                                                                              
         1                                                                                                                                                                                              
         3                                                                                                                                                                                              
         2                                                                                                                                                                                              

SQL> SELECT COUNT(*),DEPTNO
  2  FRPM EMP
  3  WHERE JOB='MANAGER'
  4  GROUP BY DEPTNO
  5  HAVING COUNT(*)=2;
FRPM EMP
     *
ERROR at line 2:
ORA-00923: FROM keyword not found where expected 


SQL> ED
Wrote file afiedt.buf

  1  SELECT COUNT(*),DEPTNO
  2  FROM EMP
  3  WHERE JOB='MANAGER'
  4  GROUP BY DEPTNO
  5* HAVING COUNT(*)=2
SQL> /

no rows selected

SQL> SELECT MAX(SAL),JOB
  2  FROM EMP
  3  GROUP BY JOB
  4  HAVING MAX(SAL)>2600;

  MAX(SAL) JOB                                                                                                                                                                                          
---------- ---------                                                                                                                                                                                    
      5000 PRESIDENT                                                                                                                                                                                    
      2975 MANAGER                                                                                                                                                                                      
      3000 ANALYST                                                                                                                                                                                      

SQL> SELECT
  2  JOB
  3  FROM EMP
  4  WHERE JOB='SALESMAN'
  5  HAVING COUNT(*)=1;
JOB
*
ERROR at line 2:
ORA-00937: not a single-group group function 


SQL> ED
Wrote file afiedt.buf

  1  SELECT
  2  JOB
  3  FROM EMP
  4  WHERE JOB='SALESMAN'
  5  GROUP BY JOB
  6* HAVING COUNT(*)=1
SQL> /

no rows selected

SQL> ED
Wrote file afiedt.buf

  1  SELECT SAL
  2  FROM EMP
  3  GROUP BY SAL
  4* HAVING COUNT(SAL)=1
SQL> /

       SAL                                                                                                                                                                                              
----------                                                                                                                                                                                              
      2450                                                                                                                                                                                              
      5000                                                                                                                                                                                              
      1300                                                                                                                                                                                              
      2850                                                                                                                                                                                              
      2975                                                                                                                                                                                              
      1100                                                                                                                                                                                              
       800                                                                                                                                                                                              
      1600                                                                                                                                                                                              
      1500                                                                                                                                                                                              
       950                                                                                                                                                                                              

10 rows selected.

SQL> SELECT HIREDATE
  2  FROM EMP
  3  GROUPBY HIREDATE
  4  WHERE COUNT(HIREDATE)=1;
GROUPBY HIREDATE
        *
ERROR at line 3:
ORA-00933: SQL command not properly ended 


SQL> ED
Wrote file afiedt.buf

  1  SELECT HIREDATE
  2  FROM EMP
  3  GROUP BY HIREDATE
  4* WHERE COUNT(HIREDATE)=1
SQL> /
WHERE COUNT(HIREDATE)=1
*
ERROR at line 4:
ORA-00933: SQL command not properly ended 


SQL> ED
Wrote file afiedt.buf

  1  SELECT HIREDATE
  2  FROM EMP
  3  GROUP BY HIREDATE
  4* HAVING COUNT(HIREDATE)=1
SQL> /

HIREDATE                                                                                                                                                                                                
---------                                                                                                                                                                                               
23-MAY-87                                                                                                                                                                                               
17-NOV-81                                                                                                                                                                                               
23-JAN-82                                                                                                                                                                                               
22-FEB-81                                                                                                                                                                                               
17-DEC-80                                                                                                                                                                                               
09-JUN-81                                                                                                                                                                                               
20-FEB-81                                                                                                                                                                                               
02-APR-81                                                                                                                                                                                               
19-APR-87                                                                                                                                                                                               
01-MAY-81                                                                                                                                                                                               
08-SEP-81                                                                                                                                                                                               
28-SEP-81                                                                                                                                                                                               

12 rows selected.

SQL> SELECT AVG(SAL)
  2  FROM EMP
  3  GROUP BY SAL
  4  HAVING AVG(SAL)<3000;

  AVG(SAL)                                                                                                                                                                                              
----------                                                                                                                                                                                              
      2450                                                                                                                                                                                              
      1300                                                                                                                                                                                              
      1250                                                                                                                                                                                              
      2850                                                                                                                                                                                              
      2975                                                                                                                                                                                              
      1100                                                                                                                                                                                              
       800                                                                                                                                                                                              
      1600                                                                                                                                                                                              
      1500                                                                                                                                                                                              
       950                                                                                                                                                                                              

10 rows selected.

SQL> SELECT DEPTNO
  2  FROM EMP
  3  GROUP NY DEPTNO
  4  HAVING COUNT(*)
  5  
SQL> SELECT DEPTNO
  2  FROM EMP
  3  WHERE ENAME LIKE '%A%' OR ENAME LIKE '%S%'
  4  HAVING COUNT(*)>=3;
SELECT DEPTNO
       *
ERROR at line 1:
ORA-00937: not a single-group group function 


SQL> ED
Wrote file afiedt.buf

  1  SELECT DEPTNO
  2  FROM EMP
  3  WHERE ENAME LIKE '%A%' OR ENAME LIKE '%S%'
  4  GROUP BY DEPTNO
  5* HAVING COUNT(*)>=3
SQL> /

    DEPTNO                                                                                                                                                                                              
----------                                                                                                                                                                                              
        30                                                                                                                                                                                              
        20                                                                                                                                                                                              

SQL> SELECT MAX(SAL),MIN(SAL)
  2  FROM EMP
  3  GROUP BY JOB
  4  HAVING MIN(SAL)>1000 AND MAX(SAL)<5000;

  MAX(SAL)   MIN(SAL)                                                                                                                                                                                   
---------- ----------                                                                                                                                                                                   
      1600       1250                                                                                                                                                                                   
      2975       2450                                                                                                                                                                                   
      3000       3000                                                                                                                                                                                   

SQL> SPOOL OFF
