SQL> SELECT COUNT(*)
  2  FROM EMP
  3  WHERE JOB NOT IN 'PRESIDENT'
  4  GROUP BY DEPTNO;

  COUNT(*)                                                                                                                                                                                              
----------                                                                                                                                                                                              
         6                                                                                                                                                                                              
         5                                                                                                                                                                                              
         2                                                                                                                                                                                              

SQL> SELECT SUM (SAL),JOB
  2  FROM EMP
  3  GROUP BY JOB;

  SUM(SAL) JOB                                                                                                                                                                                          
---------- ---------                                                                                                                                                                                    
      4150 CLERK                                                                                                                                                                                        
      5600 SALESMAN                                                                                                                                                                                     
      5000 PRESIDENT                                                                                                                                                                                    
      8275 MANAGER                                                                                                                                                                                      
      6000 ANALYST                                                                                                                                                                                      

SQL> SELECT COUNT(*)
  2  FROM EMP
  3  WHERE JOB='MANAGER'
  4  GROUP BY JOB;

  COUNT(*)                                                                                                                                                                                              
----------                                                                                                                                                                                              
         3                                                                                                                                                                                              

SQL> ED
Wrote file afiedt.buf

  1  SELECT COUNT(*)
  2  FROM EMP
  3  WHERE JOB='MANAGER'
  4* GROUP BY DEPTNO
  5  /

  COUNT(*)                                                                                                                                                                                              
----------                                                                                                                                                                                              
         1                                                                                                                                                                                              
         1                                                                                                                                                                                              
         1                                                                                                                                                                                              

SQL> SELECT AVG(SAL),DEPTNO
  2  FROM EMP
  3  WHERE DEPTNO IS NOT 20
  4  GROUP BY DEPTNO;
WHERE DEPTNO IS NOT 20
                    *
ERROR at line 3:
ORA-00908: missing NULL keyword 


SQL> ED
Wrote file afiedt.buf

  1  SELECT AVG(SAL),DEPTNO
  2  FROM EMP
  3  WHERE DEPTNO NOT IN 20
  4* GROUP BY DEPTNO
SQL> /

  AVG(SAL)     DEPTNO                                                                                                                                                                                   
---------- ----------                                                                                                                                                                                   
1566.66667         30                                                                                                                                                                                   
2916.66667         10                                                                                                                                                                                   

SQL> SELECT COUNT(*),JOB
  2  FROM EMP
  3  WHERE ENAME LIKE '%A%'
  4  GROUP BY JOB;

  COUNT(*) JOB                                                                                                                                                                                          
---------- ---------                                                                                                                                                                                    
         3 SALESMAN                                                                                                                                                                                     
         2 CLERK                                                                                                                                                                                        
         2 MANAGER                                                                                                                                                                                      

SQL> SELECT COUNT (*),AVG(SAL),DEPTNO
  2  FROM EMP
  3  WHERE SAL>2000
  4  GROUP BY DEPTNO;

  COUNT(*)   AVG(SAL)     DEPTNO                                                                                                                                                                        
---------- ---------- ----------                                                                                                                                                                        
         1       2850         30                                                                                                                                                                        
         3 2991.66667         20                                                                                                                                                                        
         2       3725         10                                                                                                                                                                        

SQL> SELECT SUM(SAL),COUNT(*)
  2  FROM EMP
  3  GROUP BY DEPTNO;

  SUM(SAL)   COUNT(*)                                                                                                                                                                                   
---------- ----------                                                                                                                                                                                   
      9400          6                                                                                                                                                                                   
     10875          5                                                                                                                                                                                   
      8750          3                                                                                                                                                                                   

SQL> ED
Wrote file afiedt.buf

  1  SELECT SUM(SAL),COUNT(*),DEPTNO
  2  FROM EMP
  3* GROUP BY DEPTNO
SQL> /

  SUM(SAL)   COUNT(*)     DEPTNO                                                                                                                                                                        
---------- ---------- ----------                                                                                                                                                                        
      9400          6         30                                                                                                                                                                        
     10875          5         20                                                                                                                                                                        
      8750          3         10                                                                                                                                                                        

SQL> SELECT SUM(SAL),DEPTNO
  2  FROM EMP
  3  WHERE JOB='SALESMAN'
  4  GROUP BY DEPTNO;

  SUM(SAL)     DEPTNO                                                                                                                                                                                   
---------- ----------                                                                                                                                                                                   
      5600         30                                                                                                                                                                                   

SQL> SELECT COUNT(*),MAX(SAL),DEPTNO
  2  FROM EMP
  3  GROUP BY JOB;
SELECT COUNT(*),MAX(SAL),DEPTNO
                         *
ERROR at line 1:
ORA-00979: not a GROUP BY expression 


SQL> ED
Wrote file afiedt.buf

  1  SELECT COUNT(*),MAX(SAL),JOB
  2  FROM EMP
  3* GROUP BY JOB
SQL> /

  COUNT(*)   MAX(SAL) JOB                                                                                                                                                                               
---------- ---------- ---------                                                                                                                                                                         
         4       1300 CLERK                                                                                                                                                                             
         4       1600 SALESMAN                                                                                                                                                                          
         1       5000 PRESIDENT                                                                                                                                                                         
         3       2975 MANAGER                                                                                                                                                                           
         2       3000 ANALYST                                                                                                                                                                           

SQL> SELECT MAX(SAL),DEPTNO
  2  FROM EMP
  3  GROUP BY DEPTNO;

  MAX(SAL)     DEPTNO                                                                                                                                                                                   
---------- ----------                                                                                                                                                                                   
      2850         30                                                                                                                                                                                   
      3000         20                                                                                                                                                                                   
      5000         10                                                                                                                                                                                   

SQL> SELECT COUNT(*)
  2  FROM EMP
  3  GROUP BY SAL;

  COUNT(*)                                                                                                                                                                                              
----------                                                                                                                                                                                              
         1                                                                                                                                                                                              
         1                                                                                                                                                                                              
         1                                                                                                                                                                                              
         2                                                                                                                                                                                              
         1                                                                                                                                                                                              
         1                                                                                                                                                                                              
         1                                                                                                                                                                                              
         2                                                                                                                                                                                              
         1                                                                                                                                                                                              
         1                                                                                                                                                                                              
         1                                                                                                                                                                                              
         1                                                                                                                                                                                              

12 rows selected.

SQL> SPOOL OFF
