SQL> SELECT ENAME
  2  FROM EMP
  3  WHERE SAL=(SELECT MAX(SAL)
  4             FROM EMP);

ENAME                                                                                                                                                                                                   
----------                                                                                                                                                                                              
KING                                                                                                                                                                                                    

SQL> SELECT SAL
  2  FROM EMP
  3  WHERE SAL
  4  
SQL> SELECT ENAME
  2  FROM EMP
  3  WHERE SAL=(SELECT MIN(SAL)
  4             FROM EMP);

ENAME                                                                                                                                                                                                   
----------                                                                                                                                                                                              
SMITH                                                                                                                                                                                                   

SQL> SELECT ENAME,HIREDATE
  2  FROM EMP
  3  WHERE HIREDATE=(SELECT MIN(HIREDATE)
  4                  FROM EMP);

ENAME      HIREDATE                                                                                                                                                                                     
---------- ---------                                                                                                                                                                                    
SMITH      17-DEC-80                                                                                                                                                                                    

SQL> SELECT ENAME,HIREDATE
  2  FROM EMP
  3  WHERE HIREDATE=(SELECT MAX(HIREDATE)
  4                  FROM EMP);

ENAME      HIREDATE                                                                                                                                                                                     
---------- ---------                                                                                                                                                                                    
ADAMS      23-MAY-87                                                                                                                                                                                    

SQL> SELECT ENAME,COMM
  2  FROM EMP
  3  WHERE COMMA=(SELECT MIN(COMM)
  4               FROM EMP);
WHERE COMMA=(SELECT MIN(COMM)
      *
ERROR at line 3:
ORA-00904: "COMMA": invalid identifier 


SQL> ED
Wrote file afiedt.buf

  1  SELECT ENAME,COMM
  2  FROM EMP
  3  WHERE COMM=(SELECT MIN(COMM)
  4*              FROM EMP)
SQL> /

ENAME            COMM                                                                                                                                                                                   
---------- ----------                                                                                                                                                                                   
TURNER              0                                                                                                                                                                                   

SQL> SELECT ENAME,SAL,COMM
  2  FROM EMP
  3  WHERE COMM=(SELECT MAX(COMM)
  4                     FROM EMP);

ENAME             SAL       COMM                                                                                                                                                                        
---------- ---------- ----------                                                                                                                                                                        
MARTIN           1250       1400                                                                                                                                                                        

SQL> SELECT*
  2  FROM EMP
  3  WHERE EMPNO=(SELECT MAX(EMPNO)
  4               FROM EMP);

     EMPNO ENAME      JOB              MGR HIREDATE         SAL       COMM     DEPTNO                                                                                                                   
---------- ---------- --------- ---------- --------- ---------- ---------- ----------                                                                                                                   
      7934 MILLER     CLERK           7782 23-JAN-82       1300                    10                                                                                                                   

SQL> SELECT*
  2  FROM EMP
  3  WHERE HIREDATE =(SELECT MIN(HIREDATE)
  4                   FROM EMP);

     EMPNO ENAME      JOB              MGR HIREDATE         SAL       COMM     DEPTNO                                                                                                                   
---------- ---------- --------- ---------- --------- ---------- ---------- ----------                                                                                                                   
      7369 SMITH      CLERK           7902 17-DEC-80        800                    20                                                                                                                   

SQL> SELECT*
  2  FRPM EMP
  3  WHERE SAL=(SELECT MIN(SAL*12)
  4             FROM EMP);
FRPM EMP
*
ERROR at line 2:
ORA-00923: FROM keyword not found where expected 


SQL> ED
Wrote file afiedt.buf

  1  SELECT*
  2  FROM EMP
  3  WHERE SAL=(SELECT MIN(SAL*12)
  4*            FROM EMP)
SQL> /

no rows selected

SQL> ED
Wrote file afiedt.buf

  1  SELECT*
  2  FROM EMP
  3  WHERE SAL*12=(SELECT MIN(SAL*12)
  4*               FROM EMP)
SQL> /

     EMPNO ENAME      JOB              MGR HIREDATE         SAL       COMM     DEPTNO                                                                                                                   
---------- ---------- --------- ---------- --------- ---------- ---------- ----------                                                                                                                   
      7369 SMITH      CLERK           7902 17-DEC-80        800                    20                                                                                                                   

SQL> SELECT ENAME, SAL*12
  2  FROM EMP
  3  WHERE SAL*12>(SELECT SAL
  4                FROM EMP
  5                WHERE JOB='SALESMAN');
WHERE SAL*12>(SELECT SAL
              *
ERROR at line 3:
ORA-01427: single-row subquery returns more than one row 


SQL> ED
Wrote file afiedt.buf

  1  SELECT ENAME, SAL*12
  2  FROM EMP
  3  WHERE SAL*12 IN>(SELECT SAL
  4                FROM EMP
  5*               WHERE JOB='SALESMAN')
SQL> /
WHERE SAL*12 IN>(SELECT SAL
               *
ERROR at line 3:
ORA-00936: missing expression 


SQL> SPOOL OFF
