SQL> SELECT ENAME
  2  FROM EMP
  3  WHERE SAL=(SELECT SAL
  4             FROM EMP
  5             WHERE ENAME=SALESMAN);
           WHERE ENAME=SALESMAN)
                       *
ERROR at line 5:
ORA-00904: "SALESMAN": invalid identifier 


SQL> ED
Wrote file afiedt.buf

  1  SELECT ENAME
  2  FROM EMP
  3  WHERE SAL>(SELECT SAL
  4             FROM EMP
  5*            WHERE JOB=SALESMAN)
SQL> /
           WHERE JOB=SALESMAN)
                     *
ERROR at line 5:
ORA-00904: "SALESMAN": invalid identifier 


SQL> ED
Wrote file afiedt.buf

  1  SELECT ENAME
  2  FROM EMP
  3  WHERE SAL>(SELECT SAL
  4             FROM EMP
  5*            WHERE JOB="SALESMAN")
SQL> /
           WHERE JOB="SALESMAN")
                     *
ERROR at line 5:
ORA-00904: "SALESMAN": invalid identifier 


SQL> SELECT ENAME
  2  FROM EMP
  3  WHERE SAL>(SELECT SAL
  4             FROM EMP
  5             WHERE JOB='SALESMAN');
WHERE SAL>(SELECT SAL
           *
ERROR at line 3:
ORA-01427: single-row subquery returns more than one row 


SQL> ED
Wrote file afiedt.buf

  1  SELECT ENAME
  2  FROM EMP
  3  WHERE SAL IN>(SELECT SAL
  4             FROM EMP
  5*            WHERE JOB='SALESMAN')
SQL> /
WHERE SAL IN>(SELECT SAL
            *
ERROR at line 3:
ORA-00936: missing expression 


SQL> ED
Wrote file afiedt.buf

  1  SELECT ENAME
  2  FROM EMP
  3  WHERE SAL >IN (SELECT SAL
  4             FROM EMP
  5*            WHERE JOB='SALESMAN')
SQL> /
WHERE SAL >IN (SELECT SAL
           *
ERROR at line 3:
ORA-00936: missing expression 


SQL> ED
Wrote file afiedt.buf

  1  SELECT ENAME
  2  FROM EMP
  3  WHERE SAL >(SELECT MAX(SAL)
  4             FROM EMP
  5*            WHERE JOB='SALESMAN')
SQL> /

ENAME                                                                           
----------                                                                      
JONES                                                                           
BLAKE                                                                           
CLARK                                                                           
SCOTT                                                                           
KING                                                                            
FORD                                                                            

6 rows selected.

SQL> SELECT *
  2  FROM EMP
  3  WHERE HIREDATE>(SELECT HIREDATE
  4                  FROM EMP
  5                  WHERE JOB='CLERK');
WHERE HIREDATE>(SELECT HIREDATE
                *
ERROR at line 3:
ORA-01427: single-row subquery returns more than one row 


SQL> ED
Wrote file afiedt.buf

  1  SELECT *
  2  FROM EMP
  3  WHERE HIREDATE>(SELECT MAX(HIREDATE)
  4                  FROM EMP
  5*                 WHERE JOB='CLERK')
SQL> /

no rows selected

SQL> SELECT ENAME,SAL
  2  FROM EMP
  3  WHERE SAL<(SELECT SAL
  4             FROM EMP
  5             WHERE JOB='MANAGER');
WHERE SAL<(SELECT SAL
           *
ERROR at line 3:
ORA-01427: single-row subquery returns more than one row 


SQL> ED
Wrote file afiedt.buf

  1  SELECT ENAME,SAL
  2  FROM EMP
  3  WHERE SAL<(SELECT MIN(SAL)
  4             FROM EMP
  5*            WHERE JOB='MANAGER')
SQL> /

ENAME             SAL                                                           
---------- ----------                                                           
SMITH             800                                                           
ALLEN            1600                                                           
WARD             1250                                                           
MARTIN           1250                                                           
TURNER           1500                                                           
ADAMS            1100                                                           
JAMES             950                                                           
MILLER           1300                                                           

8 rows selected.

SQL> SELECT ENAME, HIREDAT
  2  FROM EMP
  3  WHERE HIREDATE<(SELECT MIN(HIREDATE)
  4                  FROM EMP
  5                  WHERE JOB='MANAGER');
SELECT ENAME, HIREDAT
              *
ERROR at line 1:
ORA-00904: "HIREDAT": invalid identifier 


SQL> ED
Wrote file afiedt.buf

  1  SELECT ENAME, HIREDATE
  2  FROM EMP
  3  WHERE HIREDATE<(SELECT MIN(HIREDATE)
  4                  FROM EMP
  5*                 WHERE JOB='MANAGER')
SQL> /

ENAME      HIREDATE                                                             
---------- ---------                                                            
SMITH      17-DEC-80                                                            
ALLEN      20-FEB-81                                                            
WARD       22-FEB-81                                                            

SQL> SELECT ENAME
  2  FROM EMP
  3  WHERE HIREDATE>(SELECT MAX(HIREDATE)
  4                  FROM EMP
  5                  WHERE JOB ='MANAGER) AND SAL>(SELECT SAL
  6                                                FROM EMP
  7                                                WHERE JOB='CLERK'));
ERROR:
ORA-01756: quoted string not properly terminated 


SQL> ED
Wrote file afiedt.buf

  1  SELECT ENAME
  2  FROM EMP
  3  WHERE HIREDATE>(SELECT MAX(HIREDATE)
  4                  FROM EMP
  5                  WHERE JOB ='MANAGER) AND SAL>(SELECT MAX(SAL)
  6                                                FROM EMP
  7*                                               WHERE JOB='CLERK'))
SQL> /
ERROR:
ORA-01756: quoted string not properly terminated 


SQL> ED
Wrote file afiedt.buf

  1  SELECT ENAME
  2  FROM EMP
  3  WHERE HIREDATE>(SELECT MAX(HIREDATE)
  4                  FROM EMP
  5                  WHERE JOB ='MANAGER') AND SAL>(SELECT MAX(SAL)
  6                                                FROM EMP
  7*                                               WHERE JOB='CLERK'))
SQL> /
                                              WHERE JOB='CLERK'))
                                                                *
ERROR at line 7:
ORA-00933: SQL command not properly ended 


SQL> ED
Wrote file afiedt.buf

  1  SELECT ENAME
  2  FROM EMP
  3  WHERE HIREDATE>(SELECT MAX(HIREDATE)
  4                  FROM EMP
  5                  WHERE JOB ='MANAGER') AND SAL>(SELECT MAX(SAL)
  6                                                FROM EMP
  7*                                               WHERE JOB='CLERK')
SQL> /

ENAME                                                                           
----------                                                                      
SCOTT                                                                           
KING                                                                            
TURNER                                                                          
FORD                                                                            

SQL> SELECT *
  2  FROM EMP
  3  WHERE JOB='CLERK'AND HIREDATE<(SELECT MIN(HIREDATE)
  4                                 FROM EMP
  5                                 WHERE JOB='SALESMAN);
ERROR:
ORA-01756: quoted string not properly terminated 


SQL> ED
Wrote file afiedt.buf

  1  SELECT *
  2  FROM EMP
  3  WHERE JOB='CLERK'AND HIREDATE<(SELECT MIN(HIREDATE)
  4                                 FROM EMP
  5*                                WHERE JOB='SALESMAN')
SQL> /

     EMPNO ENAME      JOB              MGR HIREDATE         SAL       COMM      
---------- ---------- --------- ---------- --------- ---------- ----------      
    DEPTNO                                                                      
----------                                                                      
      7369 SMITH      CLERK           7902 17-DEC-80        800                 
        20                                                                      
                                                                                

SQL> SELECT *
  2  FROM EMP
  3  WHERE DEPTNO=(SELECT DEPTNO
  4                FROM DEPT
  5                WHERE DNMAE IN ('ACCOUNTING','SALES'));
              WHERE DNMAE IN ('ACCOUNTING','SALES'))
                    *
ERROR at line 5:
ORA-00904: "DNMAE": invalid identifier 


SQL> ED
Wrote file afiedt.buf

  1  SELECT *
  2  FROM EMP
  3  WHERE DEPTNO=(SELECT DEPTNO
  4                FROM DEPT
  5*               WHERE DNAME IN ('ACCOUNTING','SALES'))
SQL> /
WHERE DEPTNO=(SELECT DEPTNO
              *
ERROR at line 3:
ORA-01427: single-row subquery returns more than one row 


SQL> ED
Wrote file afiedt.buf

  1  SELECT *
  2  FROM EMP
  3  WHERE DEPTNO IN(SELECT DEPTNO
  4                FROM DEPT
  5*               WHERE DNAME IN ('ACCOUNTING','SALES'))
SQL> /

     EMPNO ENAME      JOB              MGR HIREDATE         SAL       COMM      
---------- ---------- --------- ---------- --------- ---------- ----------      
    DEPTNO                                                                      
----------                                                                      
      7499 ALLEN      SALESMAN        7698 20-FEB-81       1600        300      
        30                                                                      
                                                                                
      7521 WARD       SALESMAN        7698 22-FEB-81       1250        500      
        30                                                                      
                                                                                
      7654 MARTIN     SALESMAN        7698 28-SEP-81       1250       1400      
        30                                                                      
                                                                                

     EMPNO ENAME      JOB              MGR HIREDATE         SAL       COMM      
---------- ---------- --------- ---------- --------- ---------- ----------      
    DEPTNO                                                                      
----------                                                                      
      7698 BLAKE      MANAGER         7839 01-MAY-81       2850                 
        30                                                                      
                                                                                
      7782 CLARK      MANAGER         7839 09-JUN-81       2450                 
        10                                                                      
                                                                                
      7839 KING       PRESIDENT            17-NOV-81       5000                 
        10                                                                      
                                                                                

     EMPNO ENAME      JOB              MGR HIREDATE         SAL       COMM      
---------- ---------- --------- ---------- --------- ---------- ----------      
    DEPTNO                                                                      
----------                                                                      
      7844 TURNER     SALESMAN        7698 08-SEP-81       1500          0      
        30                                                                      
                                                                                
      7900 JAMES      CLERK           7698 03-DEC-81        950                 
        30                                                                      
                                                                                
      7934 MILLER     CLERK           7782 23-JAN-82       1300                 
        10                                                                      
                                                                                

9 rows selected.

SQL> SELECT DNAME
  2  FROM DEPT
  3  WHERE DEPTNO=(SELECT DEPTNO
  4                FROM EMP
  5                WHERE ENAME IN('SMITH','KING','MILLER'));
WHERE DEPTNO=(SELECT DEPTNO
              *
ERROR at line 3:
ORA-01427: single-row subquery returns more than one row 


SQL> ED
Wrote file afiedt.buf

  1  SELECT DNAME
  2  FROM DEPT
  3  WHERE DEPTNO IN(SELECT DEPTNO
  4                FROM EMP
  5*               WHERE ENAME IN('SMITH','KING','MILLER'))
SQL> /

DNAME                                                                           
--------------                                                                  
ACCOUNTING                                                                      
RESEARCH                                                                        

SQL> SELECT *
  2  FROM EMP
  3  WHERE DEPTNO=(SELECT DEPTNO
  4                FROM DEPT
  5                WHERE LOC IN('NEW YORK','CHICAKO'));

     EMPNO ENAME      JOB              MGR HIREDATE         SAL       COMM      
---------- ---------- --------- ---------- --------- ---------- ----------      
    DEPTNO                                                                      
----------                                                                      
      7782 CLARK      MANAGER         7839 09-JUN-81       2450                 
        10                                                                      
                                                                                
      7839 KING       PRESIDENT            17-NOV-81       5000                 
        10                                                                      
                                                                                
      7934 MILLER     CLERK           7782 23-JAN-82       1300                 
        10                                                                      
                                                                                

SQL> SELECT ENAME
  2  FROM EMP
  3  WHERE HIREDATE < IN(SELECT HIREDATE
  4                      FROM EMP
  5                      WHERE DEPTNO=10);
WHERE HIREDATE < IN(SELECT HIREDATE
                 *
ERROR at line 3:
ORA-00936: missing expression 


SQL> ED
Wrote file afiedt.buf

  1  SELECT ENAME
  2  FROM EMP
  3  WHERE HIREDATE <  (SELECT MAX(HIREDATE)
  4                      FROM EMP
  5*                     WHERE DEPTNO=10)
SQL> /

ENAME                                                                           
----------                                                                      
SMITH                                                                           
ALLEN                                                                           
WARD                                                                            
JONES                                                                           
MARTIN                                                                          
BLAKE                                                                           
CLARK                                                                           
KING                                                                            
TURNER                                                                          
JAMES                                                                           
FORD                                                                            

11 rows selected.

SQL> SPOOL OFF
