SQL> SELECT SAL*12 AS " ANNUAL SALARY"
  2  FROM EMP;

 ANNUAL SALARY                                                                                                                                                                                          
--------------                                                                                                                                                                                          
          9600                                                                                                                                                                                          
         19200                                                                                                                                                                                          
         15000                                                                                                                                                                                          
         35700                                                                                                                                                                                          
         15000                                                                                                                                                                                          
         34200                                                                                                                                                                                          
         29400                                                                                                                                                                                          
         36000                                                                                                                                                                                          
         60000                                                                                                                                                                                          
         18000                                                                                                                                                                                          
         13200                                                                                                                                                                                          
         11400                                                                                                                                                                                          
         36000                                                                                                                                                                                          
         15600                                                                                                                                                                                          

14 rows selected.

SQL> SELECT SAL*12 AS ANNUAL_SALLARY"
  2  FROM EMP;
ERROR:
ORA-01740: missing double quote in identifier 


SQL> FROM SAL*12 AS "ANNUAL_SALARY"
SP2-0734: unknown command beginning "FROM SAL*1..." - rest of line ignored.
SQL> FROM EMP;
SP2-0042: unknown command "FROM EMP" - rest of line ignored.
SQL> SELECT SAL "ANNUAL SALARY"
  2  FROM EMP;

ANNUAL SALARY                                                                                                                                                                                           
-------------                                                                                                                                                                                           
          800                                                                                                                                                                                           
         1600                                                                                                                                                                                           
         1250                                                                                                                                                                                           
         2975                                                                                                                                                                                           
         1250                                                                                                                                                                                           
         2850                                                                                                                                                                                           
         2450                                                                                                                                                                                           
         3000                                                                                                                                                                                           
         5000                                                                                                                                                                                           
         1500                                                                                                                                                                                           
         1100                                                                                                                                                                                           
          950                                                                                                                                                                                           
         3000                                                                                                                                                                                           
         1300                                                                                                                                                                                           

14 rows selected.

SQL> SELECT*
  2  FROM EMP
  3  WHERE JOB= 'MANAGER';

     EMPNO ENAME      JOB              MGR HIREDATE         SAL       COMM     DEPTNO                                                                                                                   
---------- ---------- --------- ---------- --------- ---------- ---------- ----------                                                                                                                   
      7566 JONES      MANAGER         7839 02-APR-81       2975                    20                                                                                                                   
      7698 BLAKE      MANAGER         7839 01-MAY-81       2850                    30                                                                                                                   
      7782 CLARK      MANAGER         7839 09-JUN-81       2450                    10                                                                                                                   

SQL> SELECT ENAME, SAL
  2  
SQL> SELECT ENAME,JOB,SAL
  2  FROM EMP
  3  WHERE DEPTN0=30;
WHERE DEPTN0=30
      *
ERROR at line 3:
ORA-00904: "DEPTN0": invalid identifier 


SQL> SELECT ENAME,JOB,SAL
  2  FROM EMP
  3  WHERE DEPTNO=30
  4  ;

ENAME      JOB              SAL                                                                                                                                                                         
---------- --------- ----------                                                                                                                                                                         
ALLEN      SALESMAN        1600                                                                                                                                                                         
WARD       SALESMAN        1250                                                                                                                                                                         
MARTIN     SALESMAN        1250                                                                                                                                                                         
BLAKE      MANAGER         2850                                                                                                                                                                         
TURNER     SALESMAN        1500                                                                                                                                                                         
JAMES      CLERK            950                                                                                                                                                                         

6 rows selected.

SQL> SELECT *
  2  FROM EMP
  3  WHERE ENAME='KING';

     EMPNO ENAME      JOB              MGR HIREDATE         SAL       COMM     DEPTNO                                                                                                                   
---------- ---------- --------- ---------- --------- ---------- ---------- ----------                                                                                                                   
      7839 KING       PRESIDENT            17-NOV-81       5000                    10                                                                                                                   

SQL> SELECT *
  2  FROM EMP
  3  WHERE SAL>2000;

     EMPNO ENAME      JOB              MGR HIREDATE         SAL       COMM     DEPTNO                                                                                                                   
---------- ---------- --------- ---------- --------- ---------- ---------- ----------                                                                                                                   
      7566 JONES      MANAGER         7839 02-APR-81       2975                    20                                                                                                                   
      7698 BLAKE      MANAGER         7839 01-MAY-81       2850                    30                                                                                                                   
      7782 CLARK      MANAGER         7839 09-JUN-81       2450                    10                                                                                                                   
      7788 SCOTT      ANALYST         7566 19-APR-87       3000                    20                                                                                                                   
      7839 KING       PRESIDENT            17-NOV-81       5000                    10                                                                                                                   
      7902 FORD       ANALYST         7566 03-DEC-81       3000                    20                                                                                                                   

6 rows selected.

SQL> SELECT *
  2  FROM EMP
  3  WHERE HIREDATE > ' 1 -JAN-80';

     EMPNO ENAME      JOB              MGR HIREDATE         SAL       COMM     DEPTNO                                                                                                                   
---------- ---------- --------- ---------- --------- ---------- ---------- ----------                                                                                                                   
      7369 SMITH      CLERK           7902 17-DEC-80        800                    20                                                                                                                   
      7499 ALLEN      SALESMAN        7698 20-FEB-81       1600        300         30                                                                                                                   
      7521 WARD       SALESMAN        7698 22-FEB-81       1250        500         30                                                                                                                   
      7566 JONES      MANAGER         7839 02-APR-81       2975                    20                                                                                                                   
      7654 MARTIN     SALESMAN        7698 28-SEP-81       1250       1400         30                                                                                                                   
      7698 BLAKE      MANAGER         7839 01-MAY-81       2850                    30                                                                                                                   
      7782 CLARK      MANAGER         7839 09-JUN-81       2450                    10                                                                                                                   
      7788 SCOTT      ANALYST         7566 19-APR-87       3000                    20                                                                                                                   
      7839 KING       PRESIDENT            17-NOV-81       5000                    10                                                                                                                   
      7844 TURNER     SALESMAN        7698 08-SEP-81       1500          0         30                                                                                                                   
      7876 ADAMS      CLERK           7788 23-MAY-87       1100                    20                                                                                                                   
      7900 JAMES      CLERK           7698 03-DEC-81        950                    30                                                                                                                   
      7902 FORD       ANALYST         7566 03-DEC-81       3000                    20                                                                                                                   
      7934 MILLER     CLERK           7782 23-JAN-82       1300                    10                                                                                                                   

14 rows selected.

SQL> SELECT *
  2  FROM EMP
  3  WHERE HIREDATE > '01-JAN-80';

     EMPNO ENAME      JOB              MGR HIREDATE         SAL       COMM     DEPTNO                                                                                                                   
---------- ---------- --------- ---------- --------- ---------- ---------- ----------                                                                                                                   
      7369 SMITH      CLERK           7902 17-DEC-80        800                    20                                                                                                                   
      7499 ALLEN      SALESMAN        7698 20-FEB-81       1600        300         30                                                                                                                   
      7521 WARD       SALESMAN        7698 22-FEB-81       1250        500         30                                                                                                                   
      7566 JONES      MANAGER         7839 02-APR-81       2975                    20                                                                                                                   
      7654 MARTIN     SALESMAN        7698 28-SEP-81       1250       1400         30                                                                                                                   
      7698 BLAKE      MANAGER         7839 01-MAY-81       2850                    30                                                                                                                   
      7782 CLARK      MANAGER         7839 09-JUN-81       2450                    10                                                                                                                   
      7788 SCOTT      ANALYST         7566 19-APR-87       3000                    20                                                                                                                   
      7839 KING       PRESIDENT            17-NOV-81       5000                    10                                                                                                                   
      7844 TURNER     SALESMAN        7698 08-SEP-81       1500          0         30                                                                                                                   
      7876 ADAMS      CLERK           7788 23-MAY-87       1100                    20                                                                                                                   
      7900 JAMES      CLERK           7698 03-DEC-81        950                    30                                                                                                                   
      7902 FORD       ANALYST         7566 03-DEC-81       3000                    20                                                                                                                   
      7934 MILLER     CLERK           7782 23-JAN-82       1300                    10                                                                                                                   

14 rows selected.

SQL> SELECT*
  2  FROM EMP
  3  WHERE HIREDATE> '31-DEC-80';

     EMPNO ENAME      JOB              MGR HIREDATE         SAL       COMM     DEPTNO                                                                                                                   
---------- ---------- --------- ---------- --------- ---------- ---------- ----------                                                                                                                   
      7499 ALLEN      SALESMAN        7698 20-FEB-81       1600        300         30                                                                                                                   
      7521 WARD       SALESMAN        7698 22-FEB-81       1250        500         30                                                                                                                   
      7566 JONES      MANAGER         7839 02-APR-81       2975                    20                                                                                                                   
      7654 MARTIN     SALESMAN        7698 28-SEP-81       1250       1400         30                                                                                                                   
      7698 BLAKE      MANAGER         7839 01-MAY-81       2850                    30                                                                                                                   
      7782 CLARK      MANAGER         7839 09-JUN-81       2450                    10                                                                                                                   
      7788 SCOTT      ANALYST         7566 19-APR-87       3000                    20                                                                                                                   
      7839 KING       PRESIDENT            17-NOV-81       5000                    10                                                                                                                   
      7844 TURNER     SALESMAN        7698 08-SEP-81       1500          0         30                                                                                                                   
      7876 ADAMS      CLERK           7788 23-MAY-87       1100                    20                                                                                                                   
      7900 JAMES      CLERK           7698 03-DEC-81        950                    30                                                                                                                   
      7902 FORD       ANALYST         7566 03-DEC-81       3000                    20                                                                                                                   
      7934 MILLER     CLERK           7782 23-JAN-82       1300                    10                                                                                                                   

13 rows selected.

SQL> SPOOL OFF
