SQL> SELECT SAL
  2  FROM EMP E1
  3  WHERE( SELECT COUNT(DISTINCT SAL)
  4        FROM EMP E2
  5        WHERE E1.SAL< E2.SAL<E2.SAL)=(N-1);
      WHERE E1.SAL< E2.SAL<E2.SAL)=(N-1)
                          *
ERROR at line 5:
ORA-00936: missing expression 


SQL> ED
Wrote file afiedt.buf

  1  SELECT SAL
  2  FROM EMP E1
  3  WHERE( SELECT COUNT(DISTINCT SAL)
  4        FROM EMP E2
  5*       WHERE E1.SAL<E2.SAL)=(N-1)
SQL> /
      WHERE E1.SAL<E2.SAL)=(N-1)
                            *
ERROR at line 5:
ORA-00904: "N": invalid identifier 


SQL> ED
Wrote file afiedt.buf

  1  SELECT SAL
  2  FROM EMP E1
  3  WHERE( SELECT COUNT(DISTINCT SAL)
  4        FROM EMP E2
  5*       WHERE E1.SAL<E2.SAL)=(1-1)
SQL> 
SQL> /

       SAL                                                                                                                                                                                              
----------                                                                                                                                                                                              
      5000                                                                                                                                                                                              

SQL> SELECT SAL
  2  FROM EMP E1
  3  
SQL> SELECT SAL,ENAME
  2  FROM EMP E1
  3  WHERE( SELECT COUNT(DISTINCT SAL)
  4         FROM EMP E2
  5         WHERE E1.SAL<E2.SAL)=(5-1);

       SAL ENAME                                                                                                                                                                                        
---------- ----------                                                                                                                                                                                   
      2450 CLARK                                                                                                                                                                                        

SQL> SELECT SAL
  2  FROM EMP E1
  3  WHERE(SELECT COUNT(DISTINCT SAL)
  4        FROM EMP E2
  5        WHERE E1.EMP>E2.EMP)=(10-1);
      WHERE E1.EMP>E2.EMP)=(10-1)
                   *
ERROR at line 5:
ORA-00904: "E2"."EMP": invalid identifier 


SQL> ED
Wrote file afiedt.buf

  1  SELECT SAL
  2  FROM EMP E1
  3  WHERE(SELECT COUNT(DISTINCT SAL)
  4        FROM EMP E2
  5*       WHERE E1.SAL>E2.SAL)=(10-1)
SQL> /

       SAL                                                                                                                                                                                              
----------                                                                                                                                                                                              
      2975                                                                                                                                                                                              

SQL> ED
Wrote file afiedt.buf

  1  SELECT SAL, ENAME
  2  FROM EMP E1
  3  WHERE(SELECT COUNT(DISTINCT SAL)
  4        FROM EMP E2
  5*       WHERE E1.SAL>E2.SAL)=(10-1)
SQL> 
SQL> /

       SAL ENAME                                                                                                                                                                                        
---------- ----------                                                                                                                                                                                   
      2975 JONES                                                                                                                                                                                        

SQL> ED
Wrote file afiedt.buf

  1  SELECT SAL, ENAME
  2  FROM EMP E1
  3  WHERE(SELECT COUNT(DISTINCT SAL)
  4        FROM EMP E2
  5*       WHERE E1.SAL>E2.SAL) IN ((1-1),(3-1),(5-5))
SQL> /

       SAL ENAME                                                                                                                                                                                        
---------- ----------                                                                                                                                                                                   
       800 SMITH                                                                                                                                                                                        
      1100 ADAMS                                                                                                                                                                                        

SQL> ED
Wrote file afiedt.buf

  1  SELECT SAL, ENAME
  2  FROM EMP E1
  3  WHERE(SELECT COUNT(DISTINCT SAL)
  4        FROM EMP E2
  5*       WHERE E1.SAL>E2.SAL) IN ((1-1),(3-1),(5-1))
SQL> /

       SAL ENAME                                                                                                                                                                                        
---------- ----------                                                                                                                                                                                   
       800 SMITH                                                                                                                                                                                        
      1100 ADAMS                                                                                                                                                                                        
      1300 MILLER                                                                                                                                                                                       

SQL> SELECT LENGTH(ENAME)
  2  ;

*
ERROR at line 2:
ORA-00923: FROM keyword not found where expected 


SQL> ED
Wrote file afiedt.buf

  1  SELECT LENGTH(ENAME)
  2* FROM EMP
SQL> /

LENGTH(ENAME)                                                                                                                                                                                           
-------------                                                                                                                                                                                           
            5                                                                                                                                                                                           
            5                                                                                                                                                                                           
            4                                                                                                                                                                                           
            5                                                                                                                                                                                           
            6                                                                                                                                                                                           
            5                                                                                                                                                                                           
            5                                                                                                                                                                                           
            5                                                                                                                                                                                           
            4                                                                                                                                                                                           
            6                                                                                                                                                                                           
            5                                                                                                                                                                                           
            5                                                                                                                                                                                           
            4                                                                                                                                                                                           
            6                                                                                                                                                                                           

14 rows selected.

SQL> SELECT ENAME
  2  FROM EMP
  3  WHERE LENGTH(ENAME)=5;

ENAME                                                                                                                                                                                                   
----------                                                                                                                                                                                              
SMITH                                                                                                                                                                                                   
ALLEN                                                                                                                                                                                                   
JONES                                                                                                                                                                                                   
BLAKE                                                                                                                                                                                                   
CLARK                                                                                                                                                                                                   
SCOTT                                                                                                                                                                                                   
ADAMS                                                                                                                                                                                                   
JAMES                                                                                                                                                                                                   

8 rows selected.

SQL> SELECT ENAME, SAL
  2  FROM EMP
  3  WHERE LENGTH(SAL)=4;

ENAME             SAL                                                                                                                                                                                   
---------- ----------                                                                                                                                                                                   
ALLEN            1600                                                                                                                                                                                   
WARD             1250                                                                                                                                                                                   
JONES            2975                                                                                                                                                                                   
MARTIN           1250                                                                                                                                                                                   
BLAKE            2850                                                                                                                                                                                   
CLARK            2450                                                                                                                                                                                   
SCOTT            3000                                                                                                                                                                                   
KING             5000                                                                                                                                                                                   
TURNER           1500                                                                                                                                                                                   
ADAMS            1100                                                                                                                                                                                   
FORD             3000                                                                                                                                                                                   
MILLER           1300                                                                                                                                                                                   

12 rows selected.

SQL> SELECT CONCAT( 'ME.' ENAME)
  2  FROM EMP;
SELECT CONCAT( 'ME.' ENAME)
       *
ERROR at line 1:
ORA-00909: invalid number of arguments 


SQL> ED
Wrote file afiedt.buf

  1  SELECT CONCAT( 'Mr' ENAME)
  2* FROM EMP
SQL> /
SELECT CONCAT( 'Mr' ENAME)
       *
ERROR at line 1:
ORA-00909: invalid number of arguments 


SQL> ed
Wrote file afiedt.buf

  1  SELECT CONCAT('Mr', ENAME)
  2* FROM EMP
SQL> /

CONCAT('MR',                                                                                                                                                                                            
------------                                                                                                                                                                                            
MrSMITH                                                                                                                                                                                                 
MrALLEN                                                                                                                                                                                                 
MrWARD                                                                                                                                                                                                  
MrJONES                                                                                                                                                                                                 
MrMARTIN                                                                                                                                                                                                
MrBLAKE                                                                                                                                                                                                 
MrCLARK                                                                                                                                                                                                 
MrSCOTT                                                                                                                                                                                                 
MrKING                                                                                                                                                                                                  
MrTURNER                                                                                                                                                                                                
MrADAMS                                                                                                                                                                                                 
MrJAMES                                                                                                                                                                                                 
MrFORD                                                                                                                                                                                                  
MrMILLER                                                                                                                                                                                                

14 rows selected.

SQL> ed
Wrote file afiedt.buf

  1  SELECT CONCAT('Mr ', ENAME)
  2* FROM EMP
SQL> /

CONCAT('MR',E                                                                                                                                                                                           
-------------                                                                                                                                                                                           
Mr SMITH                                                                                                                                                                                                
Mr ALLEN                                                                                                                                                                                                
Mr WARD                                                                                                                                                                                                 
Mr JONES                                                                                                                                                                                                
Mr MARTIN                                                                                                                                                                                               
Mr BLAKE                                                                                                                                                                                                
Mr CLARK                                                                                                                                                                                                
Mr SCOTT                                                                                                                                                                                                
Mr KING                                                                                                                                                                                                 
Mr TURNER                                                                                                                                                                                               
Mr ADAMS                                                                                                                                                                                                
Mr JAMES                                                                                                                                                                                                
Mr FORD                                                                                                                                                                                                 
Mr MILLER                                                                                                                                                                                               

14 rows selected.

SQL> spool off
