SQL>  INSERT INTO EMP(EMPNO,ENAME) VALUES(1001,'NIBDA%');

1 row created.

SQL>  INSERT INTO EMP(EMPNO,ENAME) VALUES(1002,'NIBDI_');

1 row created.

SQL> SELECT ENAME
  2  FROM EMP
  3  WHERE ENAME LIKE '%@%%' ESCAPE '@';

ENAME                                                                                                                                                                                                   
----------                                                                                                                                                                                              
NIBDA%                                                                                                                                                                                                  

SQL> 
SQL>  SELECT ENAME
  2   FROM EMP
  3   WHERE ENAME LIKE '%@_%' ESACPE '@';
 WHERE ENAME LIKE '%@_%' ESACPE '@'
                         *
ERROR at line 3:
ORA-00933: SQL command not properly ended 


SQL> ED
Wrote file afiedt.buf

  1   SELECT ENAME
  2   FROM EMP
  3*  WHERE ENAME LIKE '%@_%' ESCAPE '@'
SQL> /

ENAME                                                                                                                                                                                                   
----------                                                                                                                                                                                              
NIBDI_                                                                                                                                                                                                  

SQL> SELECT*
  2  FROM EMP
  3  
SQL> ED
Wrote file afiedt.buf

  1  SELECT*
  2* FROM EMP
SQL> /

     EMPNO ENAME      JOB              MGR HIREDATE         SAL       COMM     DEPTNO                                                                                                                   
---------- ---------- --------- ---------- --------- ---------- ---------- ----------                                                                                                                   
      1001 NIBDA%                                                                                                                                                                                       
      1002 NIBDI_                                                                                                                                                                                       
      7369 SMITH      CLERK           7902 17-DEC-80        800                    20                                                                                                                   
      7499 ALLEN      SALESMAN        7698 20-FEB-81       1600        300         30                                                                                                                   
      7521 WARD       SALESMAN        7698 22-FEB-81       1250        500         30                                                                                                                   
      7566 JONES      MANAGER         7839 02-APR-81       2975                    20                                                                                                                   
      7654 MARTIN     SALESMAN        7698 28-SEP-81       1250       1400         30                                                                                                                   
      7698 BLAKE      MANAGER         7839 01-MAY-81       2850                    30                                                                                                                   
      7782 CLARK      MANAGER         7839 09-JUN-81       2450                    10                                                                                                                   
      7788 SCOTT      ANALYST         7566 19-APR-87       3000                    20                                                                                                                   
      7839 KING       PRESIDENT            17-NOV-81       5000                    10                                                                                                                   
      7844 TURNER     SALESMAN        7698 08-SEP-81       1500          0         30                                                                                                                   
      7876 ADAMS      CLERK           7788 23-MAY-87       1100                    20                                                                                                                   
      7900 JAMES      CLERK           7698 03-DEC-81        950                    30                                                                                                                   
      7902 FORD       ANALYST         7566 03-DEC-81       3000                    20                                                                                                                   
      7934 MILLER     CLERK           7782 23-JAN-82       1300                    10                                                                                                                   

16 rows selected.

SQL> select *
  2  from emp
  3  where
  4  select max sal()
  5  
SQL> swlwct max(sal)
SP2-0734: unknown command beginning "swlwct max..." - rest of line ignored.
SQL> frome
SP2-0042: unknown command "frome" - rest of line ignored.
SQL> 
SQL> SELECT MAX(SAL)
  2  FROM EMP;

  MAX(SAL)                                                                                                                                                                                              
----------                                                                                                                                                                                              
      5000                                                                                                                                                                                              

SQL> SELECT MIN(SAL)
  2  FROM EMP
  3  WHERE JOB='MANAGER' AND DEPTNO=20;

  MIN(SAL)                                                                                                                                                                                              
----------                                                                                                                                                                                              
      2975                                                                                                                                                                                              

SQL> SELECT SUM (SAL);
SELECT SUM (SAL)
               *
ERROR at line 1:
ORA-00923: FROM keyword not found where expected 


SQL> SELECT SUM(SAL)
  2  FROM EMP
  3  WHERE JOB ='SALESMAN';

  SUM(SAL)                                                                                                                                                                                              
----------                                                                                                                                                                                              
      5600                                                                                                                                                                                              

SQL> SELECT AVG(SAL)
  2  FROM EMP
  3  WHERE SAL BETWEEN 1000 AND 4000 AND HIREDATE <'01-JAN-88' AND JOB LIKE 'MAN%MAN';

  AVG(SAL)                                                                                                                                                                                              
----------                                                                                                                                                                                              
                                                                                                                                                                                                        

SQL> ED
Wrote file afiedt.buf

  1  SELECT AVG(SAL)
  2  FROM EMP
  3* WHERE SAL BETWEEN 1000 AND 4000 AND HIREDATE <'01-JAN-88' AND JOB LIKE 'MAN%MAN'
SQL> /

  AVG(SAL)                                                                                                                                                                                              
----------                                                                                                                                                                                              
                                                                                                                                                                                                        

SQL> SELECT AVG(SAL)
  2  FROM EMP
  3  WHERE SAL BETWEEN 1000 AND 4000 AND HIREDATE <'01-JAN-88'
  4  
SQL> (SAL)
  2  
SQL>  SELECT AVG(SAL)
  2   FROM EMP
  3   WHERE SAL BETWEEN 1000 AND 4000 AND HIREDATE <'01-JAN-88' AND JOB LIKE 'MAN%' OR JOB LIKE '%MAN';

  AVG(SAL)                                                                                                                                                                                              
----------                                                                                                                                                                                              
1982.14286                                                                                                                                                                                              

SQL> SPOOL OFF
