SQL> select count(*)
  2  from emp
  3  group by job;

  COUNT(*)                                                                      
----------                                                                      
         4                                                                      
         4                                                                      
         1                                                                      
         3                                                                      
         2                                                                      

SQL> ED
Wrote file afiedt.buf

  1  select count(*),JOB
  2  from emp
  3* group by job
SQL> /

  COUNT(*) JOB                                                                  
---------- ---------                                                            
         4 CLERK                                                                
         4 SALESMAN                                                             
         1 PRESIDENT                                                            
         3 MANAGER                                                              
         2 ANALYST                                                              

SQL> SELECT MAX(SAL),DEPTNO
  2  FROM EMP
  3  WHERE SAL>2000 AND HIREDATE<'01-01-88';
SELECT MAX(SAL),DEPTNO
                *
ERROR at line 1:
ORA-00937: not a single-group group function 


SQL> ED
Wrote file afiedt.buf

  1  SELECT MAX(SAL)
  2  FROM EMP
  3* WHERE SAL>2000 AND HIREDATE<'01-01-88'
SQL> /
WHERE SAL>2000 AND HIREDATE<'01-01-88'
                            *
ERROR at line 3:
ORA-01843: not a valid month 


SQL> ED
Wrote file afiedt.buf

  1  SELECT MAX(SAL)
  2  FROM EMP
  3* WHERE SAL>2000 AND HIREDATE<'01-JAN-88'
SQL> /

  MAX(SAL)                                                                      
----------                                                                      
      5000                                                                      

SQL> ED
Wrote file afiedt.buf

  1  SELECT MAX(SAL), DEPTNO
  2  FROM EMP
  3  WHERE SAL>2000 AND HIREDATE<'01-JAN-88'
  4* GROUP BY DEPTNO
SQL> /

  MAX(SAL)     DEPTNO                                                           
---------- ----------                                                           
      2850         30                                                           
      3000         20                                                           
      5000         10                                                           

SQL> SELECT COUNT(*),DEPTNO
  2  FROM EMP
  3  GROUP BY DEPTNO
  4  HAVING COUNT(*)>2;

  COUNT(*)     DEPTNO                                                           
---------- ----------                                                           
         6         30                                                           
         5         20                                                           
         3         10                                                           

SQL> SELECT MAX(SAL),MIN(SAL),JOB
  2  FROM EMP
  3  WHERE  SAL BETWEEN 2000 AND 4000 AND HIREDATE LIKE '%81'
  4  GROUP BY JOB
  5  HAVING MIN (SAL)>5000 AND AVG(SAL)>2000 AND COUNT(*)>1;

no rows selected

SQL> ED
Wrote file afiedt.buf

  1  SELECT MAX(SAL),MIN(SAL),JOB
  2  FROM EMP
  3  WHERE  SAL BETWEEN 2000 AND 4000 AND HIREDATE LIKE '%81'
  4  GROUP BY JOB
  5* HAVING MIN (SAL)<5000 AND AVG(SAL)>2000 AND COUNT(*)>1
SQL> /

  MAX(SAL)   MIN(SAL) JOB                                                       
---------- ---------- ---------                                                 
      2975       2450 MANAGER                                                   

SQL> SELECT SAL
  2  FROM EMP
  3  GROUP BY SAL
  4  HAVING COUNT(SAL)>1;

       SAL                                                                      
----------                                                                      
      1250                                                                      
      3000                                                                      

SQL> SELECT HIREDATE
  2  FROM EMP
  3  GROUP BY HIREDATE
  4  HAVING COUNT(HIREDATE)>1;

HIREDATE                                                                        
---------                                                                       
03-DEC-81                                                                       

SQL> SELECT *
  2  FROM EMP
  3  ORDER SAL
  4  ;
ORDER SAL
      *
ERROR at line 3:
ORA-00924: missing BY keyword 


SQL> ED
Wrote file afiedt.buf

  1  SELECT *
  2  FROM EMP
  3* ORDER BY SAL
  4  /

     EMPNO ENAME      JOB              MGR HIREDATE         SAL       COMM      
---------- ---------- --------- ---------- --------- ---------- ----------      
    DEPTNO                                                                      
----------                                                                      
      7369 SMITH      CLERK           7902 17-DEC-80        800                 
        20                                                                      
                                                                                
      7900 JAMES      CLERK           7698 03-DEC-81        950                 
        30                                                                      
                                                                                
      7876 ADAMS      CLERK           7788 23-MAY-87       1100                 
        20                                                                      
                                                                                

     EMPNO ENAME      JOB              MGR HIREDATE         SAL       COMM      
---------- ---------- --------- ---------- --------- ---------- ----------      
    DEPTNO                                                                      
----------                                                                      
      7521 WARD       SALESMAN        7698 22-FEB-81       1250        500      
        30                                                                      
                                                                                
      7654 MARTIN     SALESMAN        7698 28-SEP-81       1250       1400      
        30                                                                      
                                                                                
      7934 MILLER     CLERK           7782 23-JAN-82       1300                 
        10                                                                      
                                                                                

     EMPNO ENAME      JOB              MGR HIREDATE         SAL       COMM      
---------- ---------- --------- ---------- --------- ---------- ----------      
    DEPTNO                                                                      
----------                                                                      
      7844 TURNER     SALESMAN        7698 08-SEP-81       1500          0      
        30                                                                      
                                                                                
      7499 ALLEN      SALESMAN        7698 20-FEB-81       1600        300      
        30                                                                      
                                                                                
      7782 CLARK      MANAGER         7839 09-JUN-81       2450                 
        10                                                                      
                                                                                

     EMPNO ENAME      JOB              MGR HIREDATE         SAL       COMM      
---------- ---------- --------- ---------- --------- ---------- ----------      
    DEPTNO                                                                      
----------                                                                      
      7698 BLAKE      MANAGER         7839 01-MAY-81       2850                 
        30                                                                      
                                                                                
      7566 JONES      MANAGER         7839 02-APR-81       2975                 
        20                                                                      
                                                                                
      7788 SCOTT      ANALYST         7566 19-APR-87       3000                 
        20                                                                      
                                                                                

     EMPNO ENAME      JOB              MGR HIREDATE         SAL       COMM      
---------- ---------- --------- ---------- --------- ---------- ----------      
    DEPTNO                                                                      
----------                                                                      
      7902 FORD       ANALYST         7566 03-DEC-81       3000                 
        20                                                                      
                                                                                
      7839 KING       PRESIDENT            17-NOV-81       5000                 
        10                                                                      
                                                                                

14 rows selected.

SQL> SET PAGES 200 LINES 200
SQL> SELECT*
  2  FROM EMP
  3  ORDER BY SAL;

     EMPNO ENAME      JOB              MGR HIREDATE         SAL       COMM     DEPTNO                                                                                                                   
---------- ---------- --------- ---------- --------- ---------- ---------- ----------                                                                                                                   
      7369 SMITH      CLERK           7902 17-DEC-80        800                    20                                                                                                                   
      7900 JAMES      CLERK           7698 03-DEC-81        950                    30                                                                                                                   
      7876 ADAMS      CLERK           7788 23-MAY-87       1100                    20                                                                                                                   
      7521 WARD       SALESMAN        7698 22-FEB-81       1250        500         30                                                                                                                   
      7654 MARTIN     SALESMAN        7698 28-SEP-81       1250       1400         30                                                                                                                   
      7934 MILLER     CLERK           7782 23-JAN-82       1300                    10                                                                                                                   
      7844 TURNER     SALESMAN        7698 08-SEP-81       1500          0         30                                                                                                                   
      7499 ALLEN      SALESMAN        7698 20-FEB-81       1600        300         30                                                                                                                   
      7782 CLARK      MANAGER         7839 09-JUN-81       2450                    10                                                                                                                   
      7698 BLAKE      MANAGER         7839 01-MAY-81       2850                    30                                                                                                                   
      7566 JONES      MANAGER         7839 02-APR-81       2975                    20                                                                                                                   
      7788 SCOTT      ANALYST         7566 19-APR-87       3000                    20                                                                                                                   
      7902 FORD       ANALYST         7566 03-DEC-81       3000                    20                                                                                                                   
      7839 KING       PRESIDENT            17-NOV-81       5000                    10                                                                                                                   

14 rows selected.

SQL> SELECT ENAME, SAL,JOB
  2  FROM EMP
  3  ORDER BY SAL DESC;

ENAME             SAL JOB                                                                                                                                                                               
---------- ---------- ---------                                                                                                                                                                         
KING             5000 PRESIDENT                                                                                                                                                                         
FORD             3000 ANALYST                                                                                                                                                                           
SCOTT            3000 ANALYST                                                                                                                                                                           
JONES            2975 MANAGER                                                                                                                                                                           
BLAKE            2850 MANAGER                                                                                                                                                                           
CLARK            2450 MANAGER                                                                                                                                                                           
ALLEN            1600 SALESMAN                                                                                                                                                                          
TURNER           1500 SALESMAN                                                                                                                                                                          
MILLER           1300 CLERK                                                                                                                                                                             
WARD             1250 SALESMAN                                                                                                                                                                          
MARTIN           1250 SALESMAN                                                                                                                                                                          
ADAMS            1100 CLERK                                                                                                                                                                             
JAMES             950 CLERK                                                                                                                                                                             
SMITH             800 CLERK                                                                                                                                                                             

14 rows selected.

SQL> SPOOL OFF
