SQL> SELECT LOC
  2  FROM DEPT
  3  WHERE DEPTNO=(SELECT DEPTNO
  4                FROM EMP
  5                WHERE EMPNO=(SELECT MGR
  6                             FROM EMP
  7                             WHERE ENAME='ADAMS'));

LOC                                                                                                                                                                                                     
-------------                                                                                                                                                                                           
DALLAS                                                                                                                                                                                                  

SQL> SELECT ENAME,HIREDATE,COMM
  2  FROM EMP
  3  WHERE EMPNO IN(SELECT MFR
  4                 FROM EMP
  5                 WHERE ENAME='FORD');
WHERE EMPNO IN(SELECT MFR
                      *
ERROR at line 3:
ORA-00904: "MFR": invalid identifier 


SQL> ED
Wrote file afiedt.buf

  1  SELECT ENAME,HIREDATE,COMM
  2  FROM EMP
  3  WHERE EMPNO IN(SELECT MGR
  4                 FROM EMP
  5*                WHERE ENAME='FORD')
SQL> /

ENAME      HIREDATE        COMM                                                                                                                                                                         
---------- --------- ----------                                                                                                                                                                         
JONES      02-APR-81                                                                                                                                                                                    

SQL> SELECT COUNT(*)
  2  FROM EMP
  3  WHERE SAL<(SELECT SAL
  4             FROM EMP
  5             WHERE EMPNO=(SELECT MGR
  6                          FROM EMP
  7                          WHERE ENAME='BLAKE'));

  COUNT(*)                                                                                                                                                                                              
----------                                                                                                                                                                                              
        13                                                                                                                                                                                              

SQL> SELECT*
  2  FROM EMP
  3  WHERE COMM IS NULL AND DEPTNO=(SELECT DEPTNO
  4                                 FROM DEPT
  5                                 WHERE LOC='CHICAGO');

     EMPNO ENAME      JOB              MGR HIREDATE         SAL       COMM     DEPTNO                                                                                                                   
---------- ---------- --------- ---------- --------- ---------- ---------- ----------                                                                                                                   
      7698 BLAKE      MANAGER         7839 01-MAY-81       2850                    30                                                                                                                   
      7900 JAMES      CLERK           7698 03-DEC-81        950                    30                                                                                                                   

SQL> ED
Wrote file afiedt.buf

  1  SELECT*
  2  FROM EMP
  3  WHERE COMM IN 0 AND DEPTNO=(SELECT DEPTNO
  4                                 FROM DEPT
  5*                                WHERE LOC='CHICAGO')
SQL> /

     EMPNO ENAME      JOB              MGR HIREDATE         SAL       COMM     DEPTNO                                                                                                                   
---------- ---------- --------- ---------- --------- ---------- ---------- ----------                                                                                                                   
      7844 TURNER     SALESMAN        7698 08-SEP-81       1500          0         30                                                                                                                   

SQL> SELECT *
  2  FROM EMP
  3  WHERE DEPTNO=(SELECT DEPTNO
  4                FROM DEPT
  5                WHERE SAL>(SELECT AVG(SAL)
  6                           FROM EMP
  7                           ));
WHERE DEPTNO=(SELECT DEPTNO
              *
ERROR at line 3:
ORA-01427: single-row subquery returns more than one row 


SQL> ED
Wrote file afiedt.buf

  1  SELECT *
  2  FROM EMP
  3  WHERE DEPTNO IN(SELECT DEPTNO
  4                FROM DEPT
  5                WHERE DNAME='SALES' AND SAL>(SELECT AVG(SAL)
  6*                                            FROM EMP))
  7  /

     EMPNO ENAME      JOB              MGR HIREDATE         SAL       COMM     DEPTNO                                                                                                                   
---------- ---------- --------- ---------- --------- ---------- ---------- ----------                                                                                                                   
      7698 BLAKE      MANAGER         7839 01-MAY-81       2850                    30                                                                                                                   

SQL> SELECT*
  2  FROM EMP
  3  WHERE EMPNO=(SELECT EMPNO
  4               FROM DEPT
  5               WHERE DNAME='RESEARCH' AND MGR IN(SELECT EMPNO
  6                                                 FROM EMP));

     EMPNO ENAME      JOB              MGR HIREDATE         SAL       COMM     DEPTNO                                                                                                                   
---------- ---------- --------- ---------- --------- ---------- ---------- ----------                                                                                                                   
      7369 SMITH      CLERK           7902 17-DEC-80        800                    20                                                                                                                   
      7499 ALLEN      SALESMAN        7698 20-FEB-81       1600        300         30                                                                                                                   
      7521 WARD       SALESMAN        7698 22-FEB-81       1250        500         30                                                                                                                   
      7566 JONES      MANAGER         7839 02-APR-81       2975                    20                                                                                                                   
      7654 MARTIN     SALESMAN        7698 28-SEP-81       1250       1400         30                                                                                                                   
      7698 BLAKE      MANAGER         7839 01-MAY-81       2850                    30                                                                                                                   
      7782 CLARK      MANAGER         7839 09-JUN-81       2450                    10                                                                                                                   
      7788 SCOTT      ANALYST         7566 19-APR-87       3000                    20                                                                                                                   
      7844 TURNER     SALESMAN        7698 08-SEP-81       1500          0         30                                                                                                                   
      7876 ADAMS      CLERK           7788 23-MAY-87       1100                    20                                                                                                                   
      7900 JAMES      CLERK           7698 03-DEC-81        950                    30                                                                                                                   
      7902 FORD       ANALYST         7566 03-DEC-81       3000                    20                                                                                                                   
      7934 MILLER     CLERK           7782 23-JAN-82       1300                    10                                                                                                                   

13 rows selected.

SQL> SELECT DNAME
  2  FROM DEPT
  3  WHERE DEPTNO=(SELECT DEPTNO
  4                FROM EMP
  5                WHERE COMM IS NOT NULL);
WHERE DEPTNO=(SELECT DEPTNO
              *
ERROR at line 3:
ORA-01427: single-row subquery returns more than one row 


SQL> ED
Wrote file afiedt.buf

  1  SELECT DNAME
  2  FROM DEPT
  3  WHERE DEPTNO IN(SELECT DEPTNO
  4                FROM EMP
  5*               WHERE COMM IS NOT NULL)
SQL> /

DNAME                                                                                                                                                                                                   
--------------                                                                                                                                                                                          
SALES                                                                                                                                                                                                   

SQL> SELECT DNAME
  2  FROM EMP
  3  WHERE SAL=(SELECT MAX(SAL)
  4             FROM EMP
  5             WHERE MGR IS NULL);
SELECT DNAME
       *
ERROR at line 1:
ORA-00904: "DNAME": invalid identifier 


SQL> ED
Wrote file afiedt.buf

  1  SELECT DNAME
  2  FROM DEPT
  3  WHERE SAL=(SELECT MAX(SAL)
  4             FROM EMP
  5*            WHERE MGR IS NULL)
SQL> /
WHERE SAL=(SELECT MAX(SAL)
      *
ERROR at line 3:
ORA-00904: "SAL": invalid identifier 


SQL> ED
Wrote file afiedt.buf

  1  SELECT DNAME
  2  FROM DEPT
  3  WHERE DEPTNO IN (SELECT DEPTNO
  4                   FROM EMP
  5                   WHERE SAL=(SELECT MAX(SAL)
  6                              FROM EMP
  7*                             WHERE MGR IS NULL)
SQL> /
                            WHERE MGR IS NULL)
                                             *
ERROR at line 7:
ORA-00907: missing right parenthesis 


SQL> ED
Wrote file afiedt.buf

  1  SELECT DNAME
  2  FROM DEPT
  3  WHERE DEPTNO IN (SELECT DEPTNO
  4                   FROM EMP
  5                   WHERE SAL=(SELECT MAX(SAL)
  6                              FROM EMP
  7*                             WHERE MGR IS NULL));
  8  /
                            WHERE MGR IS NULL));
                                               *
ERROR at line 7:
ORA-00911: invalid character 


SQL> ED
Wrote file afiedt.buf

  1  SELECT DNAME
  2  FROM DEPT
  3  WHERE DEPTNO IN (SELECT DEPTNO
  4                   FROM EMP
  5                   WHERE SAL=(SELECT MAX(SAL)
  6                              FROM EMP
  7*                             WHERE MGR IS NULL))
SQL> /

DNAME                                                                                                                                                                                                   
--------------                                                                                                                                                                                          
ACCOUNTING                                                                                                                                                                                              

SQL> SELECT*
  2  FROM EMP
  3  WHERE COMM>=0 AND MGR=(SELECT EMPNO
  4                         FROM EMP
  5                         WHERE ENAME='BLAKE');

     EMPNO ENAME      JOB              MGR HIREDATE         SAL       COMM     DEPTNO                                                                                                                   
---------- ---------- --------- ---------- --------- ---------- ---------- ----------                                                                                                                   
      7499 ALLEN      SALESMAN        7698 20-FEB-81       1600        300         30                                                                                                                   
      7521 WARD       SALESMAN        7698 22-FEB-81       1250        500         30                                                                                                                   
      7654 MARTIN     SALESMAN        7698 28-SEP-81       1250       1400         30                                                                                                                   
      7844 TURNER     SALESMAN        7698 08-SEP-81       1500          0         30                                                                                                                   

SQL> SELECT DNAME,LOC
  2  FROM DEPT
  3  WHERE DEPTNO=(SELECT DEPTNO
  4                FROM EMP
  5                WHERE EMPNO=(SELECT MGR
  6                             FROM EMP
  7                             WHERE WMPNO=(SELECT MGR
  8                                          FROM EMP)));
                           WHERE WMPNO=(SELECT MGR
                                 *
ERROR at line 7:
ORA-00904: "WMPNO": invalid identifier 


SQL> ED
Wrote file afiedt.buf

  1  SELECT DNAME,LOC
  2  FROM DEPT
  3  WHERE DEPTNO IN(SELECT DEPTNO
  4                FROM EMP
  5                WHERE JOB='SALESMAN' AND EMPNO=(SELECT MGR
  6                                                FROM EMP
  7                                                WHERE EMPNO=(SELECT MGR
  8*                                               FROM EMP)))
SQL> /
                                              WHERE EMPNO=(SELECT MGR
                                                           *
ERROR at line 7:
ORA-01427: single-row subquery returns more than one row 


SQL> ED
Wrote file afiedt.buf

  1  SELECT DNAME,LOC
  2  FROM DEPT
  3  WHERE DEPTNO IN(SELECT DEPTNO
  4                FROM EMP
  5                WHERE JOB='SALESMAN' AND EMPNO IN(SELECT MGR
  6                                                FROM EMP
  7                                                WHERE EMPNO=(SELECT MGR
  8*                                               FROM EMP)))
SQL> /
                                              WHERE EMPNO=(SELECT MGR
                                                           *
ERROR at line 7:
ORA-01427: single-row subquery returns more than one row 


SQL> ED
Wrote file afiedt.buf

  1  SELECT DNAME,LOC
  2  FROM DEPT
  3  WHERE DEPTNO IN(SELECT DEPTNO
  4                FROM EMP
  5                WHERE JOB='SALESMAN' AND EMPNO IN(SELECT MGR
  6                                                FROM EMP
  7                                                WHERE EMPNO IN(SELECT MGR
  8*                                                              FROM EMP)))
SQL> /

no rows selected

SQL> SPOOL OFF
