SQL> SELECT SAL
  2  FROM EMP
  3  WHERE SAL>2000;

       SAL                                                                                                                                                                                              
----------                                                                                                                                                                                              
      2975                                                                                                                                                                                              
      2850                                                                                                                                                                                              
      2450                                                                                                                                                                                              
      3000                                                                                                                                                                                              
      5000                                                                                                                                                                                              
      3000                                                                                                                                                                                              

6 rows selected.

SQL> ED
Wrote file afiedt.buf

  1  SELECT ENAME
  2  FROM EMP
  3* WHERE SAL>2000
SQL> /

ENAME                                                                                                                                                                                                   
----------                                                                                                                                                                                              
JONES                                                                                                                                                                                                   
BLAKE                                                                                                                                                                                                   
CLARK                                                                                                                                                                                                   
SCOTT                                                                                                                                                                                                   
KING                                                                                                                                                                                                    
FORD                                                                                                                                                                                                    

6 rows selected.

SQL> SELECT ENAME
  2  FROM EMP
  3  WHERE SAL>(SELECT SAL FROM EMP WHERE ENAME ='ALLEN';
WHERE SAL>(SELECT SAL FROM EMP WHERE ENAME ='ALLEN'
           *
ERROR at line 3:
ORA-00921: unexpected end of SQL command 


SQL> ED
Wrote file afiedt.buf

  1  SELECT ENAME
  2  FROM EMP
  3* WHERE SAL>(SELECT SAL FROM EMP WHERE ENAME ='ALLEN')
SQL> /

ENAME                                                                                                                                                                                                   
----------                                                                                                                                                                                              
JONES                                                                                                                                                                                                   
BLAKE                                                                                                                                                                                                   
CLARK                                                                                                                                                                                                   
SCOTT                                                                                                                                                                                                   
KING                                                                                                                                                                                                    
FORD                                                                                                                                                                                                    

6 rows selected.

SQL> SELLECT*
SP2-0042: unknown command "SELLECT*" - rest of line ignored.
SQL> DROM EMP
SP2-0042: unknown command "DROM EMP" - rest of line ignored.
SQL> SELECT *
  2  FROM EMP
  3  WHERE SAL<(SELECT SAL
  4             FROM EMP
  5             WHERE ENAME='SMITH');

no rows selected

SQL> ED
Wrote file afiedt.buf

  1  SELECT *
  2  FROM EMP
  3  WHERE SAL<(SELECT SAL
  4             FROM EMP
  5*            WHERE ENAME='SIMITH')
SQL> /

no rows selected

SQL> SELECT *
  2  FROM EMP
  3  WHERE DEPTNO=(SELECT DEPTNO
  4                FROM EMP
  5                WHERE ENAME='WARD');

     EMPNO ENAME      JOB              MGR HIREDATE         SAL       COMM     DEPTNO                                                                                                                   
---------- ---------- --------- ---------- --------- ---------- ---------- ----------                                                                                                                   
      7499 ALLEN      SALESMAN        7698 20-FEB-81       1600        300         30                                                                                                                   
      7521 WARD       SALESMAN        7698 22-FEB-81       1250        500         30                                                                                                                   
      7654 MARTIN     SALESMAN        7698 28-SEP-81       1250       1400         30                                                                                                                   
      7698 BLAKE      MANAGER         7839 01-MAY-81       2850                    30                                                                                                                   
      7844 TURNER     SALESMAN        7698 08-SEP-81       1500          0         30                                                                                                                   
      7900 JAMES      CLERK           7698 03-DEC-81        950                    30                                                                                                                   

6 rows selected.

SQL> SELECT ENAME,JOB,HIREDATE
  2  FROM EMP
  3  WHERE JOB =(SELECT JOB
  4              FROM EMP
  5              WHERE ENAME='SCOTT');

ENAME      JOB       HIREDATE                                                                                                                                                                           
---------- --------- ---------                                                                                                                                                                          
SCOTT      ANALYST   19-APR-87                                                                                                                                                                          
FORD       ANALYST   03-DEC-81                                                                                                                                                                          

SQL> SELECT*
  2  FROM EMP
  3  WHERE HIREDATE>(SELECT HIREDATE
  4                  FROM EMP
  5                  WHERE ENAME='BLAKE');

     EMPNO ENAME      JOB              MGR HIREDATE         SAL       COMM     DEPTNO                                                                                                                   
---------- ---------- --------- ---------- --------- ---------- ---------- ----------                                                                                                                   
      7654 MARTIN     SALESMAN        7698 28-SEP-81       1250       1400         30                                                                                                                   
      7782 CLARK      MANAGER         7839 09-JUN-81       2450                    10                                                                                                                   
      7788 SCOTT      ANALYST         7566 19-APR-87       3000                    20                                                                                                                   
      7839 KING       PRESIDENT            17-NOV-81       5000                    10                                                                                                                   
      7844 TURNER     SALESMAN        7698 08-SEP-81       1500          0         30                                                                                                                   
      7876 ADAMS      CLERK           7788 23-MAY-87       1100                    20                                                                                                                   
      7900 JAMES      CLERK           7698 03-DEC-81        950                    30                                                                                                                   
      7902 FORD       ANALYST         7566 03-DEC-81       3000                    20                                                                                                                   
      7934 MILLER     CLERK           7782 23-JAN-82       1300                    10                                                                                                                   

9 rows selected.

SQL> SELECT*
  2  FROM EMP
  3  WHERE SAL>1500 AND DEPTNO=(SELECT DEPTNO
  4                             FROM EMP
  5                             WHERE ENAME='KING');

     EMPNO ENAME      JOB              MGR HIREDATE         SAL       COMM     DEPTNO                                                                                                                   
---------- ---------- --------- ---------- --------- ---------- ---------- ----------                                                                                                                   
      7782 CLARK      MANAGER         7839 09-JUN-81       2450                    10                                                                                                                   
      7839 KING       PRESIDENT            17-NOV-81       5000                    10                                                                                                                   

SQL> SELECT*
  2  FROM EMP
  3  WHERE SAL>(SELECT SAL
  4             FROM EMP
  5             WHERE ENAME ='SIMITH')AND<(SEECT SAL
  6                                        FROM EMP
  7                                        WHERE ENAME='KING');
           WHERE ENAME ='SIMITH')AND<(SEECT SAL
                                    *
ERROR at line 5:
ORA-00936: missing expression 


SQL> ED
Wrote file afiedt.buf

  1  SELECT*
  2  FROM EMP
  3  WHERE SAL>(SELECT SAL
  4             FROM EMP
  5             WHERE ENAME ='SIMITH')AND<(SELECT SAL
  6                                        FROM EMP
  7*                                       WHERE ENAME='KING')
SQL> /
           WHERE ENAME ='SIMITH')AND<(SELECT SAL
                                    *
ERROR at line 5:
ORA-00936: missing expression 


SQL> ED
Wrote file afiedt.buf

  1  SELECT*
  2  FROM EMP
  3  WHERE SAL>(SELECT SAL
  4             FROM EMP
  5             WHERE ENAME ='SIMITH')AND SAL<(SELECT SAL
  6                                        FROM EMP
  7*                                       WHERE ENAME='KING')
SQL> /

no rows selected

SQL> ED
Wrote file afiedt.buf

  1  SELECT*
  2  FROM EMP
  3  WHERE SAL>(SELECT SAL
  4             FROM EMP
  5             WHERE ENAME ='SIMITH')AND
  6        SAL<(SELECT SAL
  7             FROM EMP
  8*            WHERE ENAME='KING')
SQL> /

no rows selected

SQL> SELECT ENAME, SAL,DEPTNO
  2  FROM EMP
  3  WHERE DEPTNO=20 AND COMM IS NOT NULL AND SAL>(SELECT SAL
  4                                                FROM EMP
  5                                                WHERE ENAME='SCOTT');

no rows selected

SQL> SELECT*
  2  FROM EMP;

     EMPNO ENAME      JOB              MGR HIREDATE         SAL       COMM     DEPTNO                                                                                                                   
---------- ---------- --------- ---------- --------- ---------- ---------- ----------                                                                                                                   
      7369 SMITH      CLERK           7902 17-DEC-80        800                    20                                                                                                                   
      7499 ALLEN      SALESMAN        7698 20-FEB-81       1600        300         30                                                                                                                   
      7521 WARD       SALESMAN        7698 22-FEB-81       1250        500         30                                                                                                                   
      7566 JONES      MANAGER         7839 02-APR-81       2975                    20                                                                                                                   
      7654 MARTIN     SALESMAN        7698 28-SEP-81       1250       1400         30                                                                                                                   
      7698 BLAKE      MANAGER         7839 01-MAY-81       2850                    30                                                                                                                   
      7782 CLARK      MANAGER         7839 09-JUN-81       2450                    10                                                                                                                   
      7788 SCOTT      ANALYST         7566 19-APR-87       3000                    20                                                                                                                   
      7839 KING       PRESIDENT            17-NOV-81       5000                    10                                                                                                                   
      7844 TURNER     SALESMAN        7698 08-SEP-81       1500          0         30                                                                                                                   
      7876 ADAMS      CLERK           7788 23-MAY-87       1100                    20                                                                                                                   
      7900 JAMES      CLERK           7698 03-DEC-81        950                    30                                                                                                                   
      7902 FORD       ANALYST         7566 03-DEC-81       3000                    20                                                                                                                   
      7934 MILLER     CLERK           7782 23-JAN-82       1300                    10                                                                                                                   

14 rows selected.

SQL> SELECT ENAME, HIRE DATE
  2  FROM EMP
  3  WHERE NAME LIKE '%S' AND HIREDATE>(SELECT HIREDATE
  4                                     FROM EMP
  5                                     WHERE ENAME='JONES');
SELECT ENAME, HIRE DATE
                   *
ERROR at line 1:
ORA-00923: FROM keyword not found where expected 


SQL> ED
Wrote file afiedt.buf

  1  SELECT ENAME, HIREDATE
  2  FROM EMP
  3  WHERE NAME LIKE '%S' AND HIREDATE>(SELECT HIREDATE
  4                                     FROM EMP
  5*                                    WHERE ENAME='JONES')
SQL> /
WHERE NAME LIKE '%S' AND HIREDATE>(SELECT HIREDATE
      *
ERROR at line 3:
ORA-00904: "NAME": invalid identifier 


SQL> ED
Wrote file afiedt.buf

  1  SELECT ENAME, HIREDATE
  2  FROM EMP
  3  WHERE ENAME LIKE '%S' AND HIREDATE>(SELECT HIREDATE
  4                                     FROM EMP
  5*                                    WHERE ENAME='JONES')
SQL> /

ENAME      HIREDATE                                                                                                                                                                                     
---------- ---------                                                                                                                                                                                    
ADAMS      23-MAY-87                                                                                                                                                                                    
JAMES      03-DEC-81                                                                                                                                                                                    

SQL> SELECT ENAME
  2  FROM EMP
  3  WHERE DEPTNO=(SELECT DEPTNO
  4                FROM EMP
  5                WHERE ENAME='JAMES') AND
  6            SAL=(SELECT SAL
  7                FROM EMP
  8                WHERE ENAME='ADAMS') AND
  9            JOB=(SELECT JOB
 10                 FROM EMP
 11                 WHERE ENAME='MILLER')AND
 12            HIREDATE<(SELECT HIREDATE
 13                      FROM EMP
 14                      WHERE ENAME='MARTIN');

no rows selected

SQL> ED
Wrote file afiedt.buf

  1  SELECT ENAME
  2  FROM EMP
  3  WHERE DEPTNO=(SELECT DEPTNO
  4                FROM EMP
  5                WHERE ENAME='JAMES') AND
  6            SAL>(SELECT SAL
  7                FROM EMP
  8                WHERE ENAME='ADAMS') AND
  9            JOB=(SELECT JOB
 10                 FROM EMP
 11                 WHERE ENAME='MILLER')AND
 12            HIREDATE<(SELECT HIREDATE
 13                      FROM EMP
 14*                     WHERE ENAME='MARTIN')
SQL> /

no rows selected

SQL> ED
Wrote file afiedt.buf

  1  SELECT ENAME
  2  FROM EMP
  3  WHERE DEPTNO=(SELECT DEPTNO
  4                FROM EMP
  5                WHERE ENAME='JAMES') AND
  6            SAL>(SELECT SAL
  7                FROM EMP
  8                WHERE ENAME='ADAMS') AND
  9           JOB=(SELECT JOB
 10                FROM EMP
 11                WHERE ENAME='MILLER')AND
 12      HIREDATE>(SELECT HIREDATE
 13                FROM EMP
 14*               WHERE ENAME='MARTIN')
SQL> /

no rows selected

SQL> ED
Wrote file afiedt.buf

  1  SELECT ENAME
  2  FROM EMP
  3  WHERE DEPTNO=(SELECT DEPTNO
  4                FROM EMP
  5                WHERE ENAME='JAMES') 
  6       AND SAL>(SELECT SAL
  7                FROM EMP
  8                WHERE ENAME='ADAMS') 
  9       AND JOB=(SELECT JOB
 10                FROM EMP
 11                WHERE ENAME='MILLER')
 12  AND HIREDATE>(SELECT HIREDATE
 13                FROM EMP
 14*               WHERE ENAME='MARTIN')
SQL> /

no rows selected

SQL> SELECT*
  2  FROM EMP;

     EMPNO ENAME      JOB              MGR HIREDATE         SAL       COMM     DEPTNO                                                                                                                   
---------- ---------- --------- ---------- --------- ---------- ---------- ----------                                                                                                                   
      7369 SMITH      CLERK           7902 17-DEC-80        800                    20                                                                                                                   
      7499 ALLEN      SALESMAN        7698 20-FEB-81       1600        300         30                                                                                                                   
      7521 WARD       SALESMAN        7698 22-FEB-81       1250        500         30                                                                                                                   
      7566 JONES      MANAGER         7839 02-APR-81       2975                    20                                                                                                                   
      7654 MARTIN     SALESMAN        7698 28-SEP-81       1250       1400         30                                                                                                                   
      7698 BLAKE      MANAGER         7839 01-MAY-81       2850                    30                                                                                                                   
      7782 CLARK      MANAGER         7839 09-JUN-81       2450                    10                                                                                                                   
      7788 SCOTT      ANALYST         7566 19-APR-87       3000                    20                                                                                                                   
      7839 KING       PRESIDENT            17-NOV-81       5000                    10                                                                                                                   
      7844 TURNER     SALESMAN        7698 08-SEP-81       1500          0         30                                                                                                                   
      7876 ADAMS      CLERK           7788 23-MAY-87       1100                    20                                                                                                                   
      7900 JAMES      CLERK           7698 03-DEC-81        950                    30                                                                                                                   
      7902 FORD       ANALYST         7566 03-DEC-81       3000                    20                                                                                                                   
      7934 MILLER     CLERK           7782 23-JAN-82       1300                    10                                                                                                                   

14 rows selected.

SQL> SPOOL OFF
