SQL> SELECT DNAME
  2  FROM DEPT
  3  WHERE DEPTNO=(SELECT DEPTNO
  4                FROM EMP
  5                WHERE DNAME='ADAMS');

no rows selected

SQL> ED
Wrote file afiedt.buf

  1  SELECT DNAME
  2  FROM DEPT
  3  WHERE DEPTNO=(SELECT DEPTNO
  4                FROM EMP
  5*               WHERE ENAME='ADAMS')
SQL> /

DNAME                                                                                                                                                                                                   
--------------                                                                                                                                                                                          
RESEARCH                                                                                                                                                                                                

SQL> SELECT LOC
  2  FROM DEPT
  3  WHERE DEPTNO=(SELECT DEPTNO
  4                FROM EMP
  5                WHERE ENAME='BLAKE');

LOC                                                                                                                                                                                                     
-------------                                                                                                                                                                                           
CHICAGO                                                                                                                                                                                                 

SQL> SELECT ENAME,SAL,HIREDATE,DEPTNO
  2  FROM EMP
  3  WHERE DEPTNO=(SELECT DEPTNO
  4                FROM EMP
  5                WHERE LOC='NEW YORK');
              WHERE LOC='NEW YORK')
                    *
ERROR at line 5:
ORA-00904: "LOC": invalid identifier 


SQL> ED
Wrote file afiedt.buf

  1  SELECT ENAME,SAL,HIREDATE,DEPTNO
  2  FROM EMP
  3  WHERE DEPTNO=(SELECT DEPTNO
  4                FROM DEPT
  5*               WHERE LOC='NEW YORK')
SQL> /

ENAME             SAL HIREDATE      DEPTNO                                                                                                                                                              
---------- ---------- --------- ----------                                                                                                                                                              
CLARK            2450 09-JUN-81         10                                                                                                                                                              
KING             5000 17-NOV-81         10                                                                                                                                                              
MILLER           1300 23-JAN-82         10                                                                                                                                                              

SQL> SELECT*
  2  FROM DEPT
  3  WHERE DEPTNO=(SELCT DEPTNO
  4                FROM EMP
  5                WHERE JOB ='MANAGER');
WHERE DEPTNO=(SELCT DEPTNO
                    *
ERROR at line 3:
ORA-00907: missing right parenthesis 


SQL> ED
Wrote file afiedt.buf

  1  SELECT*
  2  FROM DEPT
  3  WHERE SAL>3000 AND HIREDATE NOT BETWEEN 81 AND 87 AND DEPTNO=(SELECT DEPTNO
  4                                                                FROM EMP
  5*                                                               WHERE JOB ='MANAGER')
SQL> /
WHERE SAL>3000 AND HIREDATE NOT BETWEEN 81 AND 87 AND DEPTNO=(SELECT DEPTNO
                   *
ERROR at line 3:
ORA-00904: "HIREDATE": invalid identifier 


SQL> ED
Wrote file afiedt.buf

  1  SELECT*
  2  FROM DEPT
  3  WHERE DEPTNO=(SELECT DEPTNO
  4                FROM EMP
  5*               WHERE JOB ='MANAGER' AND SAL>3000 AND HIREDATE NOT BETWEEN 81 AND 87) 
SQL> /
              WHERE JOB ='MANAGER' AND SAL>3000 AND HIREDATE NOT BETWEEN 81 AND 87) 
                                                                 *
ERROR at line 5:
ORA-00932: inconsistent datatypes: expected DATE got NUMBER 


SQL> ED
Wrote file afiedt.buf

  1  SELECT*
  2  FROM DEPT
  3  WHERE DEPTNO=(SELECT DEPTNO
  4                FROM EMP
  5*               WHERE JOB ='MANAGER' AND SAL>3000 AND HIREDATE NOT BETWEEN '01-JAN-81' AND '01-DEC-87') 
SQL> /

no rows selected

SQL> ED
Wrote file afiedt.buf

  1  SELECT*
  2  FROM DEPT
  3  WHERE DEPTNO=(SELECT DEPTNO
  4                FROM EMP
  5*               WHERE JOB ='MANAGER' AND SAL>3000 AND HIREDATE BETWEEN '01-JAN-81' AND '01-DEC-87') 
SQL> /

no rows selected

SQL> ED
Wrote file afiedt.buf

  1  SELECT*
  2  FROM DEPT
  3  WHERE DEPTNO=(SELECT DEPTNO
  4                FROM EMP
  5*               WHERE JOB ='MANAGER' AND SAL>3000 AND HIREDATE BETWEEN '01-JAN-82' AND '01-DEC-86') 
SQL> /

no rows selected

SQL> SELECT*
  2  FROMEMP
  3  
SQL> SELECT*
  2  FROM EMP
  3  WHERE JOB='MANAGER' AND DEPTNO=(SELECT DEPTNO
  4                                  FROM DEPT
  5                                  WHERE DMANE='ACCOUNTING');
                                WHERE DMANE='ACCOUNTING')
                                      *
ERROR at line 5:
ORA-00904: "DMANE": invalid identifier 


SQL> ED
Wrote file afiedt.buf

  1  SELECT*
  2  FROM EMP
  3  WHERE JOB='MANAGER' AND DEPTNO=(SELECT DEPTNO
  4                                  FROM DEPT
  5*                                 WHERE DNAME='ACCOUNTING')
SQL> /

     EMPNO ENAME      JOB              MGR HIREDATE         SAL       COMM     DEPTNO                                                                                                                   
---------- ---------- --------- ---------- --------- ---------- ---------- ----------                                                                                                                   
      7782 CLARK      MANAGER         7839 09-JUN-81       2450                    10                                                                                                                   

SQL> SELECT COUNT(*)
  2  FROM EMP
  3  WHERE JOB='CLERK' AND DEPTNO=(SELECT DEPTNO
  4                                FROM DEPT
  5                                WHERE ENAME='SMITH')AND
  6  
SQL> SELECT COUNT(*)
  2  FROM EMP
  3  WHERE JOB='CLERK' AND DEPTNO=(SELECT DEPTNO
  4                                FROM DEPT
  5                                WHERE DNAME='ACCOUNTING') AND DNAME=(SELECT DNAME
  6                                                                     FROM EMP
  7                                                                     WHERE ENAME='SMITH') AND SAL>(SELECT SAL
  8  FROM EMP
  9  WHERE ENAME='KING') AND HIREDATE>(SELECT HIREDATE
 10                                    FROM EMP
 11                                    WHERE ENAME='MARTIN') AND ENAME=(SELECT ENAME
 12                                                                     FROM DEPT
 13                                                                     WHERE LOC='BOOSTEN');
                              WHERE DNAME='ACCOUNTING') AND DNAME=(SELECT DNAME
                                                            *
ERROR at line 5:
ORA-00904: "DNAME": invalid identifier 


SQL> ED
Wrote file afiedt.buf

  1  SELECT COUNT(*)
  2  FROM EMP
  3  WHERE JOB='CLERK' AND DEPTNO=(SELECT DEPTNO
  4                                FROM DEPT
  5                                WHERE DNAME='ACCOUNTING') AND DNAME=(SELECT DNAME
  6                                                                     FROM EMP
  7                                                                     WHERE ENAME='SMITH') AND SAL>(SELECT SAL FROM EMP 
  8                                                                                                   WHERE ENAME='KING') AND HIREDATE>(SELECT HIREDATE 
  9                                                                                                                                     FROM EMP
 10                                                                                                                                     WHERE ENAME='MARTIN') AND ENAME=(SELECT ENAME
 11                                                                                                                                                                      FROM DEPT
 12*                                                                                                                                                                     WHERE LOC='BOOSTEN')
SQL> /
                              WHERE DNAME='ACCOUNTING') AND DNAME=(SELECT DNAME
                                                            *
ERROR at line 5:
ORA-00904: "DNAME": invalid identifier 


SQL> SELECT
  2  
SQL> SELECT COUNT(*)
  2  FROM EMP
  3  WHERE JOB='CLERK' AND DEPTNO=(SELECT DEPTNO
  4                                FROM DEPT
  5                                WHERE ENAME=SMITH) AND SAL>(SELECT SAL
  6                                                            FROM EMP
  7                                                            WHERE ENAME='KING) AND HIREDATE>(SELECT HIREDATE
  8  WHERE ENAME='MARTIN')AND DEPTNO=(SELECT DEPTNO
  9                                   FROM DEPT
 10                                   WHERE LOC='BOOTEN');
ERROR:
ORA-01756: quoted string not properly terminated 


SQL> ED
Wrote file afiedt.buf

  1  SELECT COUNT(*)
  2  FROM EMP
  3  WHERE JOB='CLERK' AND DEPTNO=(SELECT DEPTNO
  4                                FROM DEPT
  5                                WHERE ENAME='SMITH') AND SAL>(SELECT SAL
  6                                                            FROM EMP
  7                                                            WHERE ENAME='KING') AND HIREDATE>(SELECT HIREDATE
  8  WHERE ENAME='MARTIN')AND DEPTNO=(SELECT DEPTNO
  9                                   FROM DEPT
 10*                                  WHERE LOC='BOOTEN')
SQL> /
WHERE ENAME='MARTIN')AND DEPTNO=(SELECT DEPTNO
*
ERROR at line 8:
ORA-00923: FROM keyword not found where expected 


SQL> ED
Wrote file afiedt.buf

  1  SELECT COUNT(*)
  2  FROM EMP
  3  WHERE JOB='CLERK' AND DEPTNO=(SELECT DEPTNO
  4                                FROM DEPT
  5                                WHERE ENAME='SMITH') AND SAL>(SELECT SAL
  6                                                              FROM EMP
  7                                                              WHERE ENAME='KING') AND HIREDATE>(SELECT HIREDATE
  8  WHERE ENAME='MARTIN')AND DEPTNO=(SELECT DEPTNO
  9                                   FROM DEPT
 10*                                  WHERE LOC='BOOTEN')
SQL> /
WHERE ENAME='MARTIN')AND DEPTNO=(SELECT DEPTNO
*
ERROR at line 8:
ORA-00923: FROM keyword not found where expected 


SQL> ED
Wrote file afiedt.buf

  1  SELECT COUNT(*)
  2  FROM EMP
  3  WHERE JOB='CLERK' AND DEPTNO=(SELECT DEPTNO
  4                                FROM DEPT
  5                                WHERE ENAME='SMITH') AND SAL>(SELECT SAL
  6                                                              FROM EMP
  7                                                              WHERE ENAME='KING') AND HIREDATE>(SELECT HIREDATE
  8                                                                                                FROM EMP
  9                                                                                                WHERE ENAME='MARTIN')AND DEPTNO=(SELECT DEPTNO
 10                                                                                                FROM DEPT
 11*                                                                                               WHERE LOC='BOOTEN')
SQL> /

  COUNT(*)                                                                                                                                                                                              
----------                                                                                                                                                                                              
         0                                                                                                                                                                                              

SQL> SPOOL OFF
